#
# There is insufficient memory for the Java Runtime Environment to continue.
# Native memory allocation (mmap) failed to map 290455552 bytes for G1 virtual space
# Possible reasons:
#   The system is out of physical RAM or swap space
#   The process is running with CompressedOops enabled, and the Java Heap may be blocking the growth of the native heap
# Possible solutions:
#   Reduce memory load on the system
#   Increase physical memory or swap space
#   Check if swap backing store is full
#   Decrease Java heap size (-Xmx/-Xms)
#   Decrease number of Java threads
#   Decrease Java thread stack sizes (-Xss)
#   Set larger code cache with -XX:ReservedCodeCacheSize=
#   JVM is running with Unscaled Compressed Oops mode in which the Java heap is
#     placed in the first 4GB address space. The Java Heap base address is the
#     maximum limit for the native heap growth. Please use -XX:HeapBaseMinAddress
#     to set the Java Heap base and to place the Java Heap above 4GB virtual address.
# This output file may be truncated or incomplete.
#
#  Out of Memory Error (os_windows.cpp:3536), pid=12664, tid=7500
#
# JRE version: OpenJDK Runtime Environment Temurin-19.0.2+7 (19.0.2+7) (build 19.0.2+7)
# Java VM: OpenJDK 64-Bit Server VM Temurin-19.0.2+7 (19.0.2+7, mixed mode, sharing, tiered, compressed oops, compressed class ptrs, g1 gc, windows-amd64)
# No core dump will be written. Minidumps are not enabled by default on client versions of Windows
#

---------------  S U M M A R Y ------------

Command Line: --add-modules=ALL-SYSTEM --add-opens=java.base/java.util=ALL-UNNAMED --add-opens=java.base/java.lang=ALL-UNNAMED -Declipse.application=org.python.pydev.pydev_lsp.application -Dosgi.bundles.defaultStartLevel=4 -Declipse.product=org.python.pydev.pydev_lsp.product -Xmx1G -XX:+UseG1GC -XX:+UseStringDeduplication c:\Users\Arthur KAZA\.vscode\extensions\fabioz.vscode-pydev-0.4.0\server\plugins\org.eclipse.equinox.launcher_1.6.400.v20210924-0641.jar -configuration c:\Users\Arthur KAZA\.vscode\extensions\fabioz.vscode-pydev-0.4.0\server\config_win -data c:\Users\Arthur KAZA\AppData\Roaming\Code\User\workspaceStorage\6fa04f6c8c4fb4ac073fa3a7acd171ea\fabioz.vscode-pydev\pydev_ws

Host: AMD Ryzen 3 3350U with Radeon Vega Mobile Gfx  , 4 cores, 3G,  Windows 11 , 64 bit Build 22621 (10.0.22621.1778)
Time: Mon Jul  3 10:39:59 2023 W. Central Africa Standard Time elapsed time: 1847.925009 seconds (0d 0h 30m 47s)

---------------  T H R E A D  ---------------

Current thread (0x000001d151d0e660):  VMThread "VM Thread" [stack: 0x0000003c0d800000,0x0000003c0d900000] [id=7500]

Stack: [0x0000003c0d800000,0x0000003c0d900000]
Native frames: (J=compiled Java code, j=interpreted, Vv=VM code, C=native code)
V  [jvm.dll+0x6e9e1a]
V  [jvm.dll+0x8a36c0]
V  [jvm.dll+0x8a50ae]
V  [jvm.dll+0x8a5763]
V  [jvm.dll+0x27bcdf]
V  [jvm.dll+0x6e6b39]
V  [jvm.dll+0x6db58a]
V  [jvm.dll+0x35267b]
V  [jvm.dll+0x35a106]
V  [jvm.dll+0x3b070e]
V  [jvm.dll+0x3b093f]
V  [jvm.dll+0x327c4a]
V  [jvm.dll+0x327cf7]
V  [jvm.dll+0x370332]
V  [jvm.dll+0x36e7d4]
V  [jvm.dll+0x327410]
V  [jvm.dll+0x36dd6b]
V  [jvm.dll+0x8aa883]
V  [jvm.dll+0x8ab649]
V  [jvm.dll+0x8abb7c]
V  [jvm.dll+0x8ac00b]
V  [jvm.dll+0x8ac0c7]
V  [jvm.dll+0x84de3a]
V  [jvm.dll+0x6e8abb]
C  [ucrtbase.dll+0x29363]
C  [KERNEL32.DLL+0x126ad]
C  [ntdll.dll+0x5a9f8]

VM_Operation (0x0000003c0f1fdf00): G1CollectForAllocation, mode: safepoint, requested by thread 0x000001d16f63eb30


---------------  P R O C E S S  ---------------

Threads class SMR info:
_java_thread_list=0x000001d16f82cb10, length=21, elements={
0x000001d151c4c3a0, 0x000001d16ab8d8f0, 0x000001d16ab8e3c0, 0x000001d16ab99940,
0x000001d16ab9c280, 0x000001d16ab9cbb0, 0x000001d16ab9d4e0, 0x000001d16ab9e140,
0x000001d16aba28f0, 0x000001d16aba3ae0, 0x000001d16f0564a0, 0x000001d16f0d4290,
0x000001d16abf8570, 0x000001d16f0c4080, 0x000001d16f0c45c0, 0x000001d16f6c6fa0,
0x000001d16f679aa0, 0x000001d16f63e5e0, 0x000001d16f63e090, 0x000001d16f6405c0,
0x000001d16f63eb30
}

Java Threads: ( => current thread )
  0x000001d151c4c3a0 JavaThread "main" [_thread_blocked, id=16432, stack(0x0000003c0d100000,0x0000003c0d200000)]
  0x000001d16ab8d8f0 JavaThread "Reference Handler" daemon [_thread_blocked, id=7360, stack(0x0000003c0d900000,0x0000003c0da00000)]
  0x000001d16ab8e3c0 JavaThread "Finalizer" daemon [_thread_blocked, id=4056, stack(0x0000003c0da00000,0x0000003c0db00000)]
  0x000001d16ab99940 JavaThread "Signal Dispatcher" daemon [_thread_blocked, id=10504, stack(0x0000003c0db00000,0x0000003c0dc00000)]
  0x000001d16ab9c280 JavaThread "Attach Listener" daemon [_thread_blocked, id=16708, stack(0x0000003c0dc00000,0x0000003c0dd00000)]
  0x000001d16ab9cbb0 JavaThread "Service Thread" daemon [_thread_blocked, id=15436, stack(0x0000003c0dd00000,0x0000003c0de00000)]
  0x000001d16ab9d4e0 JavaThread "Monitor Deflation Thread" daemon [_thread_blocked, id=13852, stack(0x0000003c0de00000,0x0000003c0df00000)]
  0x000001d16ab9e140 JavaThread "C2 CompilerThread0" daemon [_thread_blocked, id=15880, stack(0x0000003c0df00000,0x0000003c0e000000)]
  0x000001d16aba28f0 JavaThread "C1 CompilerThread0" daemon [_thread_blocked, id=17020, stack(0x0000003c0e000000,0x0000003c0e100000)]
  0x000001d16aba3ae0 JavaThread "Sweeper thread" daemon [_thread_blocked, id=14264, stack(0x0000003c0e100000,0x0000003c0e200000)]
  0x000001d16f0564a0 JavaThread "Common-Cleaner" daemon [_thread_blocked, id=11748, stack(0x0000003c0e200000,0x0000003c0e300000)]
  0x000001d16f0d4290 JavaThread "Notification Thread" daemon [_thread_blocked, id=4052, stack(0x0000003c0e300000,0x0000003c0e400000)]
  0x000001d16abf8570 JavaThread "Active Thread: Equinox Container: b4366baa-ece9-4cc9-8cee-272ac4e7db7c" [_thread_blocked, id=13576, stack(0x0000003c0e800000,0x0000003c0e900000)]
  0x000001d16f0c4080 JavaThread "Framework Event Dispatcher: Equinox Container: b4366baa-ece9-4cc9-8cee-272ac4e7db7c" daemon [_thread_blocked, id=15968, stack(0x0000003c0e900000,0x0000003c0ea00000)]
  0x000001d16f0c45c0 JavaThread "Start Level: Equinox Container: b4366baa-ece9-4cc9-8cee-272ac4e7db7c" daemon [_thread_blocked, id=16492, stack(0x0000003c0ea00000,0x0000003c0eb00000)]
  0x000001d16f6c6fa0 JavaThread "SCR Component Actor" daemon [_thread_blocked, id=5984, stack(0x0000003c0eb00000,0x0000003c0ec00000)]
  0x000001d16f679aa0 JavaThread "Worker-JM" [_thread_blocked, id=10264, stack(0x0000003c0ed00000,0x0000003c0ee00000)]
  0x000001d16f63e5e0 JavaThread "Worker-0" [_thread_blocked, id=17016, stack(0x0000003c0ee00000,0x0000003c0ef00000)]
  0x000001d16f63e090 JavaThread "Worker-1" [_thread_blocked, id=10992, stack(0x0000003c0ef00000,0x0000003c0f000000)]
  0x000001d16f6405c0 JavaThread "pool-2-thread-1" [_thread_blocked, id=16696, stack(0x0000003c0f000000,0x0000003c0f100000)]
  0x000001d16f63eb30 JavaThread "pool-1-thread-1" [_thread_blocked, id=12628, stack(0x0000003c0f100000,0x0000003c0f200000)]

Other Threads:
=>0x000001d151d0e660 VMThread "VM Thread" [stack: 0x0000003c0d800000,0x0000003c0d900000] [id=7500]
  0x000001d16f0d47d0 WatcherThread "VM Periodic Task Thread" [stack: 0x0000003c0e400000,0x0000003c0e500000] [id=4108]
  0x000001d151c8e3e0 WorkerThread "GC Thread#0" [stack: 0x0000003c0d200000,0x0000003c0d300000] [id=15036]
  0x000001d16f42d8c0 WorkerThread "GC Thread#1" [stack: 0x0000003c0e500000,0x0000003c0e600000] [id=11336]
  0x000001d16f42de30 WorkerThread "GC Thread#2" [stack: 0x0000003c0e600000,0x0000003c0e700000] [id=2904]
  0x000001d16f37c0e0 WorkerThread "GC Thread#3" [stack: 0x0000003c0e700000,0x0000003c0e800000] [id=6128]
  0x000001d151c98350 ConcurrentGCThread "G1 Main Marker" [stack: 0x0000003c0d300000,0x0000003c0d400000] [id=10932]
  0x000001d151c99080 WorkerThread "G1 Conc#0" [stack: 0x0000003c0d400000,0x0000003c0d500000] [id=3932]
  0x000001d151ce9c80 ConcurrentGCThread "G1 Refine#0" [stack: 0x0000003c0d500000,0x0000003c0d600000] [id=10652]
  0x000001d170b01e70 ConcurrentGCThread "G1 Refine#1" [stack: 0x0000003c0cf00000,0x0000003c0d000000] [id=15744]
  0x000001d16f006430 ConcurrentGCThread "G1 Refine#2" [stack: 0x0000003c0d000000,0x0000003c0d100000] [id=10352]
  0x000001d170b01b30 ConcurrentGCThread "G1 Refine#3" [stack: 0x0000003c0ec00000,0x0000003c0ed00000] [id=3568]
  0x000001d151cea7c0 ConcurrentGCThread "G1 Service" [stack: 0x0000003c0d600000,0x0000003c0d700000] [id=2988]
  0x000001d151d0bf90 ConcurrentGCThread "StringDedupProcessor" [stack: 0x0000003c0d700000,0x0000003c0d800000] [id=9476]

Threads with active compile tasks:

VM state: at safepoint (normal execution)

VM Mutex/Monitor currently owned by a thread:  ([mutex/lock_event])
[0x000001d14fc6b480] Threads_lock - owner thread: 0x000001d151d0e660
[0x000001d14fc6bc60] Heap_lock - owner thread: 0x000001d16f63eb30

Heap address: 0x00000000c0000000, size: 1024 MB, Compressed Oops mode: 32-bit

CDS archive(s) mapped at: [0x0000000800000000-0x0000000800ad0000-0x0000000800ad0000), size 11337728, SharedBaseAddress: 0x0000000800000000, ArchiveRelocationMode: 0.
Compressed class space mapped at: 0x0000000800c00000-0x0000000840c00000, reserved size: 1073741824
Narrow klass base: 0x0000000800000000, Narrow klass shift: 0, Narrow klass range: 0x100000000

GC Precious Log:
 CardTable entry size: 512
 Card Set container configuration: InlinePtr #cards 5 size 8 Array Of Cards #cards 12 size 40 Howl #buckets 4 coarsen threshold 1843 Howl Bitmap #cards 512 size 80 coarsen threshold 460 Card regions per heap region 1 cards per card region 2048
 CPUs: 4 total, 4 available
 Memory: 3521M
 Large Page Support: Disabled
 NUMA Support: Disabled
 Compressed Oops: Enabled (32-bit)
 Heap Region Size: 1M
 Heap Min Capacity: 8M
 Heap Initial Capacity: 56M
 Heap Max Capacity: 1G
 Pre-touch: Disabled
 Parallel Workers: 4
 Concurrent Workers: 1
 Concurrent Refinement Workers: 4
 Periodic GC: Disabled
 String Deduplication is enabled

Heap:
 garbage-first heap   total 281600K, used 88116K [0x00000000c0000000, 0x0000000100000000)
  region size 1024K, 1 young (1024K), 1 survivors (1024K)
 Metaspace       used 20256K, committed 20992K, reserved 1114112K
  class space    used 2084K, committed 2432K, reserved 1048576K

Heap Regions: E=young(eden), S=young(survivor), O=old, HS=humongous(starts), HC=humongous(continues), CS=collection set, F=free, OA=open archive, CA=closed archive, TAMS=top-at-mark-start (previous, next)
|   0|0x00000000c0000000, 0x00000000c0100000, 0x00000000c0100000|100%| O|  |TAMS 0x00000000c0100000, 0x00000000c0000000| Untracked 
|   1|0x00000000c0100000, 0x00000000c0200000, 0x00000000c0200000|100%| O|  |TAMS 0x00000000c0100000, 0x00000000c0100000| Untracked 
|   2|0x00000000c0200000, 0x00000000c0300000, 0x00000000c0300000|100%| O|  |TAMS 0x00000000c0300000, 0x00000000c0200000| Untracked 
|   3|0x00000000c0300000, 0x00000000c0400000, 0x00000000c0400000|100%| O|  |TAMS 0x00000000c0400000, 0x00000000c0300000| Complete 
|   4|0x00000000c0400000, 0x00000000c0500000, 0x00000000c0500000|100%| O|  |TAMS 0x00000000c0500000, 0x00000000c0400000| Untracked 
|   5|0x00000000c0500000, 0x00000000c0600000, 0x00000000c0600000|100%| O|  |TAMS 0x00000000c0600000, 0x00000000c0500000| Untracked 
|   6|0x00000000c0600000, 0x00000000c0700000, 0x00000000c0700000|100%| O|  |TAMS 0x00000000c06ae000, 0x00000000c0600000| Untracked 
|   7|0x00000000c0700000, 0x00000000c0789200, 0x00000000c0800000| 53%| O|  |TAMS 0x00000000c0700000, 0x00000000c0700000| Untracked 
|   8|0x00000000c0800000, 0x00000000c0900000, 0x00000000c0900000|100%| O|  |TAMS 0x00000000c0900000, 0x00000000c0800000| Untracked 
|   9|0x00000000c0900000, 0x00000000c0a00000, 0x00000000c0a00000|100%| O|  |TAMS 0x00000000c0a00000, 0x00000000c0900000| Untracked 
|  10|0x00000000c0a00000, 0x00000000c0b00000, 0x00000000c0b00000|100%| O|  |TAMS 0x00000000c0b00000, 0x00000000c0a00000| Untracked 
|  11|0x00000000c0b00000, 0x00000000c0c00000, 0x00000000c0c00000|100%| O|  |TAMS 0x00000000c0c00000, 0x00000000c0b00000| Untracked 
|  12|0x00000000c0c00000, 0x00000000c0d00000, 0x00000000c0d00000|100%| O|  |TAMS 0x00000000c0d00000, 0x00000000c0c00000| Untracked 
|  13|0x00000000c0d00000, 0x00000000c0e00000, 0x00000000c0e00000|100%| O|  |TAMS 0x00000000c0e00000, 0x00000000c0d00000| Untracked 
|  14|0x00000000c0e00000, 0x00000000c0e00000, 0x00000000c0f00000|  0%| F|  |TAMS 0x00000000c0e00000, 0x00000000c0e00000| Untracked 
|  15|0x00000000c0f00000, 0x00000000c1000000, 0x00000000c1000000|100%| O|  |TAMS 0x00000000c1000000, 0x00000000c0f00000| Complete 
|  16|0x00000000c1000000, 0x00000000c1100000, 0x00000000c1100000|100%| O|  |TAMS 0x00000000c1100000, 0x00000000c1000000| Untracked 
|  17|0x00000000c1100000, 0x00000000c1200000, 0x00000000c1200000|100%| O|  |TAMS 0x00000000c1200000, 0x00000000c1100000| Untracked 
|  18|0x00000000c1200000, 0x00000000c1200000, 0x00000000c1300000|  0%| F|  |TAMS 0x00000000c1200000, 0x00000000c1200000| Untracked 
|  19|0x00000000c1300000, 0x00000000c1400000, 0x00000000c1400000|100%| O|  |TAMS 0x00000000c1400000, 0x00000000c1300000| Untracked 
|  20|0x00000000c1400000, 0x00000000c1500000, 0x00000000c1500000|100%| O|  |TAMS 0x00000000c1500000, 0x00000000c1400000| Untracked 
|  21|0x00000000c1500000, 0x00000000c1600000, 0x00000000c1600000|100%| O|  |TAMS 0x00000000c1600000, 0x00000000c1500000| Untracked 
|  22|0x00000000c1600000, 0x00000000c1700000, 0x00000000c1700000|100%| O|  |TAMS 0x00000000c1700000, 0x00000000c1600000| Untracked 
|  23|0x00000000c1700000, 0x00000000c1800000, 0x00000000c1800000|100%| O|  |TAMS 0x00000000c1800000, 0x00000000c1700000| Complete 
|  24|0x00000000c1800000, 0x00000000c1900000, 0x00000000c1900000|100%| O|  |TAMS 0x00000000c1900000, 0x00000000c1800000| Complete 
|  25|0x00000000c1900000, 0x00000000c1a00000, 0x00000000c1a00000|100%| O|  |TAMS 0x00000000c1a00000, 0x00000000c1900000| Complete 
|  26|0x00000000c1a00000, 0x00000000c1b00000, 0x00000000c1b00000|100%| O|  |TAMS 0x00000000c1b00000, 0x00000000c1a00000| Untracked 
|  27|0x00000000c1b00000, 0x00000000c1c00000, 0x00000000c1c00000|100%| O|  |TAMS 0x00000000c1c00000, 0x00000000c1b00000| Untracked 
|  28|0x00000000c1c00000, 0x00000000c1d00000, 0x00000000c1d00000|100%| O|  |TAMS 0x00000000c1d00000, 0x00000000c1c00000| Untracked 
|  29|0x00000000c1d00000, 0x00000000c1e00000, 0x00000000c1e00000|100%| O|  |TAMS 0x00000000c1e00000, 0x00000000c1d00000| Untracked 
|  30|0x00000000c1e00000, 0x00000000c1f00000, 0x00000000c1f00000|100%| O|  |TAMS 0x00000000c1f00000, 0x00000000c1e00000| Untracked 
|  31|0x00000000c1f00000, 0x00000000c2000000, 0x00000000c2000000|100%| O|  |TAMS 0x00000000c2000000, 0x00000000c1f00000| Untracked 
|  32|0x00000000c2000000, 0x00000000c2100000, 0x00000000c2100000|100%| O|  |TAMS 0x00000000c2100000, 0x00000000c2000000| Untracked 
|  33|0x00000000c2100000, 0x00000000c2200000, 0x00000000c2200000|100%| O|  |TAMS 0x00000000c2200000, 0x00000000c2100000| Untracked 
|  34|0x00000000c2200000, 0x00000000c2300000, 0x00000000c2300000|100%| O|  |TAMS 0x00000000c2300000, 0x00000000c2200000| Untracked 
|  35|0x00000000c2300000, 0x00000000c2300000, 0x00000000c2400000|  0%| F|  |TAMS 0x00000000c2300000, 0x00000000c2300000| Untracked 
|  36|0x00000000c2400000, 0x00000000c2500000, 0x00000000c2500000|100%| O|  |TAMS 0x00000000c2500000, 0x00000000c2400000| Complete 
|  37|0x00000000c2500000, 0x00000000c2600000, 0x00000000c2600000|100%| O|  |TAMS 0x00000000c2600000, 0x00000000c2500000| Complete 
|  38|0x00000000c2600000, 0x00000000c2700000, 0x00000000c2700000|100%| O|  |TAMS 0x00000000c2700000, 0x00000000c2600000| Complete 
|  39|0x00000000c2700000, 0x00000000c2700000, 0x00000000c2800000|  0%| F|  |TAMS 0x00000000c2700000, 0x00000000c2700000| Untracked 
|  40|0x00000000c2800000, 0x00000000c2800000, 0x00000000c2900000|  0%| F|  |TAMS 0x00000000c2800000, 0x00000000c2800000| Untracked 
|  41|0x00000000c2900000, 0x00000000c2a00000, 0x00000000c2a00000|100%|HS|  |TAMS 0x00000000c2a00000, 0x00000000c2900000| Complete 
|  42|0x00000000c2a00000, 0x00000000c2b00000, 0x00000000c2b00000|100%| O|  |TAMS 0x00000000c2b00000, 0x00000000c2a00000| Untracked 
|  43|0x00000000c2b00000, 0x00000000c2c00000, 0x00000000c2c00000|100%| O|  |TAMS 0x00000000c2c00000, 0x00000000c2b00000| Untracked 
|  44|0x00000000c2c00000, 0x00000000c2c00000, 0x00000000c2d00000|  0%| F|  |TAMS 0x00000000c2c00000, 0x00000000c2c00000| Untracked 
|  45|0x00000000c2d00000, 0x00000000c2e00000, 0x00000000c2e00000|100%| O|  |TAMS 0x00000000c2e00000, 0x00000000c2d00000| Untracked 
|  46|0x00000000c2e00000, 0x00000000c2f00000, 0x00000000c2f00000|100%| O|  |TAMS 0x00000000c2f00000, 0x00000000c2e00000| Complete 
|  47|0x00000000c2f00000, 0x00000000c3000000, 0x00000000c3000000|100%| O|  |TAMS 0x00000000c3000000, 0x00000000c2f00000| Untracked 
|  48|0x00000000c3000000, 0x00000000c3000000, 0x00000000c3100000|  0%| F|  |TAMS 0x00000000c3000000, 0x00000000c3000000| Untracked 
|  49|0x00000000c3100000, 0x00000000c3100000, 0x00000000c3200000|  0%| F|  |TAMS 0x00000000c3100000, 0x00000000c3100000| Untracked 
|  50|0x00000000c3200000, 0x00000000c3300000, 0x00000000c3300000|100%| O|  |TAMS 0x00000000c3300000, 0x00000000c3200000| Complete 
|  51|0x00000000c3300000, 0x00000000c3300000, 0x00000000c3400000|  0%| F|  |TAMS 0x00000000c3300000, 0x00000000c3300000| Untracked 
|  52|0x00000000c3400000, 0x00000000c3500000, 0x00000000c3500000|100%| O|  |TAMS 0x00000000c3500000, 0x00000000c3400000| Complete 
|  53|0x00000000c3500000, 0x00000000c3600000, 0x00000000c3600000|100%| O|  |TAMS 0x00000000c3600000, 0x00000000c3500000| Untracked 
|  54|0x00000000c3600000, 0x00000000c3700000, 0x00000000c3700000|100%| O|  |TAMS 0x00000000c3700000, 0x00000000c3600000| Complete 
|  55|0x00000000c3700000, 0x00000000c3800000, 0x00000000c3800000|100%| O|  |TAMS 0x00000000c3800000, 0x00000000c3700000| Complete 
|  56|0x00000000c3800000, 0x00000000c3900000, 0x00000000c3900000|100%| O|  |TAMS 0x00000000c3900000, 0x00000000c3800000| Untracked 
|  57|0x00000000c3900000, 0x00000000c3a00000, 0x00000000c3a00000|100%| O|  |TAMS 0x00000000c3a00000, 0x00000000c3900000| Complete 
|  58|0x00000000c3a00000, 0x00000000c3b00000, 0x00000000c3b00000|100%| O|  |TAMS 0x00000000c3b00000, 0x00000000c3a00000| Untracked 
|  59|0x00000000c3b00000, 0x00000000c3c00000, 0x00000000c3c00000|100%| O|  |TAMS 0x00000000c3c00000, 0x00000000c3b00000| Untracked 
|  60|0x00000000c3c00000, 0x00000000c3d00000, 0x00000000c3d00000|100%| O|  |TAMS 0x00000000c3d00000, 0x00000000c3c00000| Complete 
|  61|0x00000000c3d00000, 0x00000000c3d00000, 0x00000000c3e00000|  0%| F|  |TAMS 0x00000000c3d00000, 0x00000000c3d00000| Untracked 
|  62|0x00000000c3e00000, 0x00000000c3f00000, 0x00000000c3f00000|100%| O|  |TAMS 0x00000000c3f00000, 0x00000000c3e00000| Complete 
|  63|0x00000000c3f00000, 0x00000000c4000000, 0x00000000c4000000|100%| O|  |TAMS 0x00000000c4000000, 0x00000000c3f00000| Untracked 
|  64|0x00000000c4000000, 0x00000000c4100000, 0x00000000c4100000|100%| O|  |TAMS 0x00000000c4100000, 0x00000000c4000000| Untracked 
|  65|0x00000000c4100000, 0x00000000c4100000, 0x00000000c4200000|  0%| F|  |TAMS 0x00000000c4100000, 0x00000000c4100000| Untracked 
|  66|0x00000000c4200000, 0x00000000c4300000, 0x00000000c4300000|100%| O|  |TAMS 0x00000000c4300000, 0x00000000c4200000| Complete 
|  67|0x00000000c4300000, 0x00000000c4400000, 0x00000000c4400000|100%| O|  |TAMS 0x00000000c4400000, 0x00000000c4300000| Complete 
|  68|0x00000000c4400000, 0x00000000c4400000, 0x00000000c4500000|  0%| F|  |TAMS 0x00000000c4400000, 0x00000000c4400000| Untracked 
|  69|0x00000000c4500000, 0x00000000c4600000, 0x00000000c4600000|100%| O|  |TAMS 0x00000000c4600000, 0x00000000c4500000| Complete 
|  70|0x00000000c4600000, 0x00000000c4700000, 0x00000000c4700000|100%| O|  |TAMS 0x00000000c4700000, 0x00000000c4600000| Untracked 
|  71|0x00000000c4700000, 0x00000000c4800000, 0x00000000c4800000|100%|HS|  |TAMS 0x00000000c4800000, 0x00000000c4700000| Complete 
|  72|0x00000000c4800000, 0x00000000c4900000, 0x00000000c4900000|100%|HC|  |TAMS 0x00000000c4900000, 0x00000000c4800000| Complete 
|  73|0x00000000c4900000, 0x00000000c4a00000, 0x00000000c4a00000|100%|HC|  |TAMS 0x00000000c4a00000, 0x00000000c4900000| Complete 
|  74|0x00000000c4a00000, 0x00000000c4b00000, 0x00000000c4b00000|100%| O|  |TAMS 0x00000000c4b00000, 0x00000000c4a00000| Complete 
|  75|0x00000000c4b00000, 0x00000000c4c00000, 0x00000000c4c00000|100%| O|  |TAMS 0x00000000c4c00000, 0x00000000c4b00000| Untracked 
|  76|0x00000000c4c00000, 0x00000000c4d00000, 0x00000000c4d00000|100%| O|  |TAMS 0x00000000c4d00000, 0x00000000c4c00000| Untracked 
|  77|0x00000000c4d00000, 0x00000000c4e00000, 0x00000000c4e00000|100%| O|  |TAMS 0x00000000c4e00000, 0x00000000c4d00000| Untracked 
|  78|0x00000000c4e00000, 0x00000000c4f00000, 0x00000000c4f00000|100%| O|  |TAMS 0x00000000c4f00000, 0x00000000c4e00000| Untracked 
|  79|0x00000000c4f00000, 0x00000000c5000000, 0x00000000c5000000|100%| O|  |TAMS 0x00000000c5000000, 0x00000000c4f00000| Untracked 
|  80|0x00000000c5000000, 0x00000000c5100000, 0x00000000c5100000|100%| O|  |TAMS 0x00000000c5100000, 0x00000000c5000000| Untracked 
|  81|0x00000000c5100000, 0x00000000c5200000, 0x00000000c5200000|100%| O|  |TAMS 0x00000000c5200000, 0x00000000c5100000| Untracked 
|  82|0x00000000c5200000, 0x00000000c5300000, 0x00000000c5300000|100%| O|  |TAMS 0x00000000c5300000, 0x00000000c5200000| Untracked 
|  83|0x00000000c5300000, 0x00000000c5400000, 0x00000000c5400000|100%| O|  |TAMS 0x00000000c5400000, 0x00000000c5300000| Untracked 
|  84|0x00000000c5400000, 0x00000000c5500000, 0x00000000c5500000|100%| O|  |TAMS 0x00000000c5400000, 0x00000000c5400000| Untracked 
|  85|0x00000000c5500000, 0x00000000c5600000, 0x00000000c5600000|100%| O|  |TAMS 0x00000000c5600000, 0x00000000c5500000| Untracked 
|  86|0x00000000c5600000, 0x00000000c5700000, 0x00000000c5700000|100%| O|  |TAMS 0x00000000c5700000, 0x00000000c5600000| Untracked 
|  87|0x00000000c5700000, 0x00000000c5800000, 0x00000000c5800000|100%| O|  |TAMS 0x00000000c5800000, 0x00000000c5700000| Untracked 
|  88|0x00000000c5800000, 0x00000000c5800000, 0x00000000c5900000|  0%| F|  |TAMS 0x00000000c5800000, 0x00000000c5800000| Untracked 
|  89|0x00000000c5900000, 0x00000000c5a00000, 0x00000000c5a00000|100%| O|  |TAMS 0x00000000c5a00000, 0x00000000c5900000| Untracked 
|  90|0x00000000c5a00000, 0x00000000c5b00000, 0x00000000c5b00000|100%| O|  |TAMS 0x00000000c5a00000, 0x00000000c5a00000| Untracked 
|  91|0x00000000c5b00000, 0x00000000c5c00000, 0x00000000c5c00000|100%| O|  |TAMS 0x00000000c5b00000, 0x00000000c5b00000| Untracked 
|  92|0x00000000c5c00000, 0x00000000c5d00000, 0x00000000c5d00000|100%| O|  |TAMS 0x00000000c5c00000, 0x00000000c5c00000| Untracked 
|  93|0x00000000c5d00000, 0x00000000c5e00000, 0x00000000c5e00000|100%| O|  |TAMS 0x00000000c5d00000, 0x00000000c5d00000| Untracked 
|  94|0x00000000c5e00000, 0x00000000c5f00000, 0x00000000c5f00000|100%| O|  |TAMS 0x00000000c5e00000, 0x00000000c5e00000| Untracked 
|  95|0x00000000c5f00000, 0x00000000c6000000, 0x00000000c6000000|100%| O|  |TAMS 0x00000000c5f00000, 0x00000000c5f00000| Untracked 
|  96|0x00000000c6000000, 0x00000000c6100000, 0x00000000c6100000|100%| O|  |TAMS 0x00000000c6000000, 0x00000000c6000000| Untracked 
|  97|0x00000000c6100000, 0x00000000c6100000, 0x00000000c6200000|  0%| F|  |TAMS 0x00000000c6100000, 0x00000000c6100000| Untracked 
|  98|0x00000000c6200000, 0x00000000c6200000, 0x00000000c6300000|  0%| F|  |TAMS 0x00000000c6200000, 0x00000000c6200000| Untracked 
|  99|0x00000000c6300000, 0x00000000c6300000, 0x00000000c6400000|  0%| F|  |TAMS 0x00000000c6300000, 0x00000000c6300000| Untracked 
| 100|0x00000000c6400000, 0x00000000c6400000, 0x00000000c6500000|  0%| F|  |TAMS 0x00000000c6400000, 0x00000000c6400000| Untracked 
| 101|0x00000000c6500000, 0x00000000c6500000, 0x00000000c6600000|  0%| F|  |TAMS 0x00000000c6500000, 0x00000000c6500000| Untracked 
| 102|0x00000000c6600000, 0x00000000c6600000, 0x00000000c6700000|  0%| F|  |TAMS 0x00000000c6600000, 0x00000000c6600000| Untracked 
| 103|0x00000000c6700000, 0x00000000c6700000, 0x00000000c6800000|  0%| F|  |TAMS 0x00000000c6700000, 0x00000000c6700000| Untracked 
| 104|0x00000000c6800000, 0x00000000c6800000, 0x00000000c6900000|  0%| F|  |TAMS 0x00000000c6800000, 0x00000000c6800000| Untracked 
| 105|0x00000000c6900000, 0x00000000c6900000, 0x00000000c6a00000|  0%| F|  |TAMS 0x00000000c6900000, 0x00000000c6900000| Untracked 
| 106|0x00000000c6a00000, 0x00000000c6a00000, 0x00000000c6b00000|  0%| F|  |TAMS 0x00000000c6a00000, 0x00000000c6a00000| Untracked 
| 107|0x00000000c6b00000, 0x00000000c6b00000, 0x00000000c6c00000|  0%| F|  |TAMS 0x00000000c6b00000, 0x00000000c6b00000| Untracked 
| 108|0x00000000c6c00000, 0x00000000c6c00000, 0x00000000c6d00000|  0%| F|  |TAMS 0x00000000c6c00000, 0x00000000c6c00000| Untracked 
| 109|0x00000000c6d00000, 0x00000000c6d00000, 0x00000000c6e00000|  0%| F|  |TAMS 0x00000000c6d00000, 0x00000000c6d00000| Untracked 
| 110|0x00000000c6e00000, 0x00000000c6e00000, 0x00000000c6f00000|  0%| F|  |TAMS 0x00000000c6e00000, 0x00000000c6e00000| Untracked 
| 111|0x00000000c6f00000, 0x00000000c6f00000, 0x00000000c7000000|  0%| F|  |TAMS 0x00000000c6f00000, 0x00000000c6f00000| Untracked 
| 112|0x00000000c7000000, 0x00000000c7000000, 0x00000000c7100000|  0%| F|  |TAMS 0x00000000c7000000, 0x00000000c7000000| Untracked 
| 113|0x00000000c7100000, 0x00000000c7100000, 0x00000000c7200000|  0%| F|  |TAMS 0x00000000c7100000, 0x00000000c7100000| Untracked 
| 114|0x00000000c7200000, 0x00000000c7200000, 0x00000000c7300000|  0%| F|  |TAMS 0x00000000c7200000, 0x00000000c7200000| Untracked 
| 115|0x00000000c7300000, 0x00000000c7300000, 0x00000000c7400000|  0%| F|  |TAMS 0x00000000c7300000, 0x00000000c7300000| Untracked 
| 116|0x00000000c7400000, 0x00000000c7400000, 0x00000000c7500000|  0%| F|  |TAMS 0x00000000c7400000, 0x00000000c7400000| Untracked 
| 117|0x00000000c7500000, 0x00000000c7500000, 0x00000000c7600000|  0%| F|  |TAMS 0x00000000c7500000, 0x00000000c7500000| Untracked 
| 118|0x00000000c7600000, 0x00000000c7600000, 0x00000000c7700000|  0%| F|  |TAMS 0x00000000c7600000, 0x00000000c7600000| Untracked 
| 119|0x00000000c7700000, 0x00000000c7700000, 0x00000000c7800000|  0%| F|  |TAMS 0x00000000c7700000, 0x00000000c7700000| Untracked 
| 120|0x00000000c7800000, 0x00000000c7800000, 0x00000000c7900000|  0%| F|  |TAMS 0x00000000c7800000, 0x00000000c7800000| Untracked 
| 121|0x00000000c7900000, 0x00000000c7900000, 0x00000000c7a00000|  0%| F|  |TAMS 0x00000000c7900000, 0x00000000c7900000| Untracked 
| 122|0x00000000c7a00000, 0x00000000c7b00000, 0x00000000c7b00000|100%|HS|  |TAMS 0x00000000c7b00000, 0x00000000c7a00000| Complete 
| 123|0x00000000c7b00000, 0x00000000c7c00000, 0x00000000c7c00000|100%| O|  |TAMS 0x00000000c7c00000, 0x00000000c7b00000| Complete 
| 124|0x00000000c7c00000, 0x00000000c7c00000, 0x00000000c7d00000|  0%| F|  |TAMS 0x00000000c7c00000, 0x00000000c7c00000| Untracked 
| 125|0x00000000c7d00000, 0x00000000c7d00000, 0x00000000c7e00000|  0%| F|  |TAMS 0x00000000c7d00000, 0x00000000c7d00000| Untracked 
| 126|0x00000000c7e00000, 0x00000000c7e00000, 0x00000000c7f00000|  0%| F|  |TAMS 0x00000000c7e00000, 0x00000000c7e00000| Untracked 
| 127|0x00000000c7f00000, 0x00000000c7f00000, 0x00000000c8000000|  0%| F|  |TAMS 0x00000000c7f00000, 0x00000000c7f00000| Untracked 
| 128|0x00000000c8000000, 0x00000000c8000000, 0x00000000c8100000|  0%| F|  |TAMS 0x00000000c8000000, 0x00000000c8000000| Untracked 
| 129|0x00000000c8100000, 0x00000000c8100000, 0x00000000c8200000|  0%| F|  |TAMS 0x00000000c8100000, 0x00000000c8100000| Untracked 
| 130|0x00000000c8200000, 0x00000000c8200000, 0x00000000c8300000|  0%| F|  |TAMS 0x00000000c8200000, 0x00000000c8200000| Untracked 
| 131|0x00000000c8300000, 0x00000000c8300000, 0x00000000c8400000|  0%| F|  |TAMS 0x00000000c8300000, 0x00000000c8300000| Untracked 
| 132|0x00000000c8400000, 0x00000000c8400000, 0x00000000c8500000|  0%| F|  |TAMS 0x00000000c8400000, 0x00000000c8400000| Untracked 
| 133|0x00000000c8500000, 0x00000000c8500000, 0x00000000c8600000|  0%| F|  |TAMS 0x00000000c8500000, 0x00000000c8500000| Untracked 
| 134|0x00000000c8600000, 0x00000000c8600000, 0x00000000c8700000|  0%| F|  |TAMS 0x00000000c8600000, 0x00000000c8600000| Untracked 
| 135|0x00000000c8700000, 0x00000000c8700000, 0x00000000c8800000|  0%| F|  |TAMS 0x00000000c8700000, 0x00000000c8700000| Untracked 
| 136|0x00000000c8800000, 0x00000000c8800000, 0x00000000c8900000|  0%| F|  |TAMS 0x00000000c8800000, 0x00000000c8800000| Untracked 
| 137|0x00000000c8900000, 0x00000000c8900000, 0x00000000c8a00000|  0%| F|  |TAMS 0x00000000c8900000, 0x00000000c8900000| Untracked 
| 138|0x00000000c8a00000, 0x00000000c8a00000, 0x00000000c8b00000|  0%| F|  |TAMS 0x00000000c8a00000, 0x00000000c8a00000| Untracked 
| 139|0x00000000c8b00000, 0x00000000c8b00000, 0x00000000c8c00000|  0%| F|  |TAMS 0x00000000c8b00000, 0x00000000c8b00000| Untracked 
| 140|0x00000000c8c00000, 0x00000000c8c00000, 0x00000000c8d00000|  0%| F|  |TAMS 0x00000000c8c00000, 0x00000000c8c00000| Untracked 
| 141|0x00000000c8d00000, 0x00000000c8d00000, 0x00000000c8e00000|  0%| F|  |TAMS 0x00000000c8d00000, 0x00000000c8d00000| Untracked 
| 142|0x00000000c8e00000, 0x00000000c8e00000, 0x00000000c8f00000|  0%| F|  |TAMS 0x00000000c8e00000, 0x00000000c8e00000| Untracked 
| 143|0x00000000c8f00000, 0x00000000c8f00000, 0x00000000c9000000|  0%| F|  |TAMS 0x00000000c8f00000, 0x00000000c8f00000| Untracked 
| 144|0x00000000c9000000, 0x00000000c9000000, 0x00000000c9100000|  0%| F|  |TAMS 0x00000000c9000000, 0x00000000c9000000| Untracked 
| 145|0x00000000c9100000, 0x00000000c9100000, 0x00000000c9200000|  0%| F|  |TAMS 0x00000000c9100000, 0x00000000c9100000| Untracked 
| 146|0x00000000c9200000, 0x00000000c9200000, 0x00000000c9300000|  0%| F|  |TAMS 0x00000000c9200000, 0x00000000c9200000| Untracked 
| 147|0x00000000c9300000, 0x00000000c9300000, 0x00000000c9400000|  0%| F|  |TAMS 0x00000000c9300000, 0x00000000c9300000| Untracked 
| 148|0x00000000c9400000, 0x00000000c9400000, 0x00000000c9500000|  0%| F|  |TAMS 0x00000000c9400000, 0x00000000c9400000| Untracked 
| 149|0x00000000c9500000, 0x00000000c9500000, 0x00000000c9600000|  0%| F|  |TAMS 0x00000000c9500000, 0x00000000c9500000| Untracked 
| 150|0x00000000c9600000, 0x00000000c9600000, 0x00000000c9700000|  0%| F|  |TAMS 0x00000000c9600000, 0x00000000c9600000| Untracked 
| 151|0x00000000c9700000, 0x00000000c9700000, 0x00000000c9800000|  0%| F|  |TAMS 0x00000000c9700000, 0x00000000c9700000| Untracked 
| 152|0x00000000c9800000, 0x00000000c9800000, 0x00000000c9900000|  0%| F|  |TAMS 0x00000000c9800000, 0x00000000c9800000| Untracked 
| 153|0x00000000c9900000, 0x00000000c9900000, 0x00000000c9a00000|  0%| F|  |TAMS 0x00000000c9900000, 0x00000000c9900000| Untracked 
| 154|0x00000000c9a00000, 0x00000000c9a00000, 0x00000000c9b00000|  0%| F|  |TAMS 0x00000000c9a00000, 0x00000000c9a00000| Untracked 
| 155|0x00000000c9b00000, 0x00000000c9b00000, 0x00000000c9c00000|  0%| F|  |TAMS 0x00000000c9b00000, 0x00000000c9b00000| Untracked 
| 156|0x00000000c9c00000, 0x00000000c9c00000, 0x00000000c9d00000|  0%| F|  |TAMS 0x00000000c9c00000, 0x00000000c9c00000| Untracked 
| 157|0x00000000c9d00000, 0x00000000c9d00000, 0x00000000c9e00000|  0%| F|  |TAMS 0x00000000c9d00000, 0x00000000c9d00000| Untracked 
| 158|0x00000000c9e00000, 0x00000000c9e00000, 0x00000000c9f00000|  0%| F|  |TAMS 0x00000000c9e00000, 0x00000000c9e00000| Untracked 
| 159|0x00000000c9f00000, 0x00000000c9f00000, 0x00000000ca000000|  0%| F|  |TAMS 0x00000000c9f00000, 0x00000000c9f00000| Untracked 
| 160|0x00000000ca000000, 0x00000000ca000000, 0x00000000ca100000|  0%| F|  |TAMS 0x00000000ca000000, 0x00000000ca000000| Untracked 
| 161|0x00000000ca100000, 0x00000000ca100000, 0x00000000ca200000|  0%| F|  |TAMS 0x00000000ca100000, 0x00000000ca100000| Untracked 
| 162|0x00000000ca200000, 0x00000000ca200000, 0x00000000ca300000|  0%| F|  |TAMS 0x00000000ca200000, 0x00000000ca200000| Untracked 
| 163|0x00000000ca300000, 0x00000000ca300000, 0x00000000ca400000|  0%| F|  |TAMS 0x00000000ca300000, 0x00000000ca300000| Untracked 
| 164|0x00000000ca400000, 0x00000000ca400000, 0x00000000ca500000|  0%| F|  |TAMS 0x00000000ca400000, 0x00000000ca400000| Untracked 
| 165|0x00000000ca500000, 0x00000000ca500000, 0x00000000ca600000|  0%| F|  |TAMS 0x00000000ca500000, 0x00000000ca500000| Untracked 
| 166|0x00000000ca600000, 0x00000000ca600000, 0x00000000ca700000|  0%| F|  |TAMS 0x00000000ca600000, 0x00000000ca600000| Untracked 
| 167|0x00000000ca700000, 0x00000000ca700000, 0x00000000ca800000|  0%| F|  |TAMS 0x00000000ca700000, 0x00000000ca700000| Untracked 
| 168|0x00000000ca800000, 0x00000000ca800000, 0x00000000ca900000|  0%| F|  |TAMS 0x00000000ca800000, 0x00000000ca800000| Untracked 
| 169|0x00000000ca900000, 0x00000000ca900000, 0x00000000caa00000|  0%| F|  |TAMS 0x00000000ca900000, 0x00000000ca900000| Untracked 
| 170|0x00000000caa00000, 0x00000000caa00000, 0x00000000cab00000|  0%| F|  |TAMS 0x00000000caa00000, 0x00000000caa00000| Untracked 
| 171|0x00000000cab00000, 0x00000000cab00000, 0x00000000cac00000|  0%| F|  |TAMS 0x00000000cab00000, 0x00000000cab00000| Untracked 
| 172|0x00000000cac00000, 0x00000000cac00000, 0x00000000cad00000|  0%| F|  |TAMS 0x00000000cac00000, 0x00000000cac00000| Untracked 
| 173|0x00000000cad00000, 0x00000000cad00000, 0x00000000cae00000|  0%| F|  |TAMS 0x00000000cad00000, 0x00000000cad00000| Untracked 
| 174|0x00000000cae00000, 0x00000000cae00000, 0x00000000caf00000|  0%| F|  |TAMS 0x00000000cae00000, 0x00000000cae00000| Untracked 
| 175|0x00000000caf00000, 0x00000000caf00000, 0x00000000cb000000|  0%| F|  |TAMS 0x00000000caf00000, 0x00000000caf00000| Untracked 
| 176|0x00000000cb000000, 0x00000000cb000000, 0x00000000cb100000|  0%| F|  |TAMS 0x00000000cb000000, 0x00000000cb000000| Untracked 
| 177|0x00000000cb100000, 0x00000000cb100000, 0x00000000cb200000|  0%| F|  |TAMS 0x00000000cb100000, 0x00000000cb100000| Untracked 
| 178|0x00000000cb200000, 0x00000000cb200000, 0x00000000cb300000|  0%| F|  |TAMS 0x00000000cb200000, 0x00000000cb200000| Untracked 
| 179|0x00000000cb300000, 0x00000000cb300000, 0x00000000cb400000|  0%| F|  |TAMS 0x00000000cb300000, 0x00000000cb300000| Untracked 
| 180|0x00000000cb400000, 0x00000000cb400000, 0x00000000cb500000|  0%| F|  |TAMS 0x00000000cb400000, 0x00000000cb400000| Untracked 
| 181|0x00000000cb500000, 0x00000000cb500000, 0x00000000cb600000|  0%| F|  |TAMS 0x00000000cb500000, 0x00000000cb500000| Untracked 
| 182|0x00000000cb600000, 0x00000000cb600000, 0x00000000cb700000|  0%| F|  |TAMS 0x00000000cb600000, 0x00000000cb600000| Untracked 
| 183|0x00000000cb700000, 0x00000000cb700000, 0x00000000cb800000|  0%| F|  |TAMS 0x00000000cb700000, 0x00000000cb700000| Untracked 
| 184|0x00000000cb800000, 0x00000000cb800000, 0x00000000cb900000|  0%| F|  |TAMS 0x00000000cb800000, 0x00000000cb800000| Untracked 
| 185|0x00000000cb900000, 0x00000000cb900000, 0x00000000cba00000|  0%| F|  |TAMS 0x00000000cb900000, 0x00000000cb900000| Untracked 
| 186|0x00000000cba00000, 0x00000000cba00000, 0x00000000cbb00000|  0%| F|  |TAMS 0x00000000cba00000, 0x00000000cba00000| Untracked 
| 187|0x00000000cbb00000, 0x00000000cbb00000, 0x00000000cbc00000|  0%| F|  |TAMS 0x00000000cbb00000, 0x00000000cbb00000| Untracked 
| 188|0x00000000cbc00000, 0x00000000cbc00000, 0x00000000cbd00000|  0%| F|  |TAMS 0x00000000cbc00000, 0x00000000cbc00000| Untracked 
| 189|0x00000000cbd00000, 0x00000000cbd00000, 0x00000000cbe00000|  0%| F|  |TAMS 0x00000000cbd00000, 0x00000000cbd00000| Untracked 
| 190|0x00000000cbe00000, 0x00000000cbe00000, 0x00000000cbf00000|  0%| F|  |TAMS 0x00000000cbe00000, 0x00000000cbe00000| Untracked 
| 191|0x00000000cbf00000, 0x00000000cbf00000, 0x00000000cc000000|  0%| F|  |TAMS 0x00000000cbf00000, 0x00000000cbf00000| Untracked 
| 192|0x00000000cc000000, 0x00000000cc000000, 0x00000000cc100000|  0%| F|  |TAMS 0x00000000cc000000, 0x00000000cc000000| Untracked 
| 193|0x00000000cc100000, 0x00000000cc100000, 0x00000000cc200000|  0%| F|  |TAMS 0x00000000cc100000, 0x00000000cc100000| Untracked 
| 194|0x00000000cc200000, 0x00000000cc200000, 0x00000000cc300000|  0%| F|  |TAMS 0x00000000cc200000, 0x00000000cc200000| Untracked 
| 195|0x00000000cc300000, 0x00000000cc300000, 0x00000000cc400000|  0%| F|  |TAMS 0x00000000cc300000, 0x00000000cc300000| Untracked 
| 196|0x00000000cc400000, 0x00000000cc400000, 0x00000000cc500000|  0%| F|  |TAMS 0x00000000cc400000, 0x00000000cc400000| Untracked 
| 197|0x00000000cc500000, 0x00000000cc500000, 0x00000000cc600000|  0%| F|  |TAMS 0x00000000cc500000, 0x00000000cc500000| Untracked 
| 198|0x00000000cc600000, 0x00000000cc600000, 0x00000000cc700000|  0%| F|  |TAMS 0x00000000cc600000, 0x00000000cc600000| Untracked 
| 199|0x00000000cc700000, 0x00000000cc700000, 0x00000000cc800000|  0%| F|  |TAMS 0x00000000cc700000, 0x00000000cc700000| Untracked 
| 200|0x00000000cc800000, 0x00000000cc800000, 0x00000000cc900000|  0%| F|  |TAMS 0x00000000cc800000, 0x00000000cc800000| Untracked 
| 201|0x00000000cc900000, 0x00000000cc900000, 0x00000000cca00000|  0%| F|  |TAMS 0x00000000cc900000, 0x00000000cc900000| Untracked 
| 202|0x00000000cca00000, 0x00000000cca00000, 0x00000000ccb00000|  0%| F|  |TAMS 0x00000000cca00000, 0x00000000cca00000| Untracked 
| 203|0x00000000ccb00000, 0x00000000ccb00000, 0x00000000ccc00000|  0%| F|  |TAMS 0x00000000ccb00000, 0x00000000ccb00000| Untracked 
| 204|0x00000000ccc00000, 0x00000000ccc00000, 0x00000000ccd00000|  0%| F|  |TAMS 0x00000000ccc00000, 0x00000000ccc00000| Untracked 
| 205|0x00000000ccd00000, 0x00000000ccd00000, 0x00000000cce00000|  0%| F|  |TAMS 0x00000000ccd00000, 0x00000000ccd00000| Untracked 
| 206|0x00000000cce00000, 0x00000000cce00000, 0x00000000ccf00000|  0%| F|  |TAMS 0x00000000cce00000, 0x00000000cce00000| Untracked 
| 207|0x00000000ccf00000, 0x00000000ccf00000, 0x00000000cd000000|  0%| F|  |TAMS 0x00000000ccf00000, 0x00000000ccf00000| Untracked 
| 208|0x00000000cd000000, 0x00000000cd000000, 0x00000000cd100000|  0%| F|  |TAMS 0x00000000cd000000, 0x00000000cd000000| Untracked 
| 209|0x00000000cd100000, 0x00000000cd100000, 0x00000000cd200000|  0%| F|  |TAMS 0x00000000cd100000, 0x00000000cd100000| Untracked 
| 210|0x00000000cd200000, 0x00000000cd200000, 0x00000000cd300000|  0%| F|  |TAMS 0x00000000cd200000, 0x00000000cd200000| Untracked 
| 211|0x00000000cd300000, 0x00000000cd300000, 0x00000000cd400000|  0%| F|  |TAMS 0x00000000cd300000, 0x00000000cd300000| Untracked 
| 212|0x00000000cd400000, 0x00000000cd400000, 0x00000000cd500000|  0%| F|  |TAMS 0x00000000cd400000, 0x00000000cd400000| Untracked 
| 213|0x00000000cd500000, 0x00000000cd500000, 0x00000000cd600000|  0%| F|  |TAMS 0x00000000cd500000, 0x00000000cd500000| Untracked 
| 214|0x00000000cd600000, 0x00000000cd600000, 0x00000000cd700000|  0%| F|  |TAMS 0x00000000cd600000, 0x00000000cd600000| Untracked 
| 215|0x00000000cd700000, 0x00000000cd700000, 0x00000000cd800000|  0%| F|  |TAMS 0x00000000cd700000, 0x00000000cd700000| Untracked 
| 216|0x00000000cd800000, 0x00000000cd800000, 0x00000000cd900000|  0%| F|  |TAMS 0x00000000cd800000, 0x00000000cd800000| Untracked 
| 217|0x00000000cd900000, 0x00000000cd900000, 0x00000000cda00000|  0%| F|  |TAMS 0x00000000cd900000, 0x00000000cd900000| Untracked 
| 218|0x00000000cda00000, 0x00000000cda00000, 0x00000000cdb00000|  0%| F|  |TAMS 0x00000000cda00000, 0x00000000cda00000| Untracked 
| 219|0x00000000cdb00000, 0x00000000cdb00000, 0x00000000cdc00000|  0%| F|  |TAMS 0x00000000cdb00000, 0x00000000cdb00000| Untracked 
| 220|0x00000000cdc00000, 0x00000000cdc00000, 0x00000000cdd00000|  0%| F|  |TAMS 0x00000000cdc00000, 0x00000000cdc00000| Untracked 
| 221|0x00000000cdd00000, 0x00000000cdd00000, 0x00000000cde00000|  0%| F|  |TAMS 0x00000000cdd00000, 0x00000000cdd00000| Untracked 
| 222|0x00000000cde00000, 0x00000000cde00000, 0x00000000cdf00000|  0%| F|  |TAMS 0x00000000cde00000, 0x00000000cde00000| Untracked 
| 223|0x00000000cdf00000, 0x00000000cdf00000, 0x00000000ce000000|  0%| F|  |TAMS 0x00000000cdf00000, 0x00000000cdf00000| Untracked 
| 224|0x00000000ce000000, 0x00000000ce000000, 0x00000000ce100000|  0%| F|  |TAMS 0x00000000ce000000, 0x00000000ce000000| Untracked 
| 225|0x00000000ce100000, 0x00000000ce183f90, 0x00000000ce200000| 51%| S|CS|TAMS 0x00000000ce100000, 0x00000000ce100000| Complete 
| 226|0x00000000ce200000, 0x00000000ce200000, 0x00000000ce300000|  0%| F|  |TAMS 0x00000000ce200000, 0x00000000ce200000| Untracked 
| 227|0x00000000ce300000, 0x00000000ce300000, 0x00000000ce400000|  0%| F|  |TAMS 0x00000000ce300000, 0x00000000ce300000| Untracked 
| 228|0x00000000ce400000, 0x00000000ce400000, 0x00000000ce500000|  0%| F|  |TAMS 0x00000000ce400000, 0x00000000ce400000| Untracked 
| 229|0x00000000ce500000, 0x00000000ce500000, 0x00000000ce600000|  0%| F|  |TAMS 0x00000000ce500000, 0x00000000ce500000| Untracked 
| 230|0x00000000ce600000, 0x00000000ce600000, 0x00000000ce700000|  0%| F|  |TAMS 0x00000000ce600000, 0x00000000ce600000| Untracked 
| 231|0x00000000ce700000, 0x00000000ce700000, 0x00000000ce800000|  0%| F|  |TAMS 0x00000000ce700000, 0x00000000ce700000| Untracked 
| 232|0x00000000ce800000, 0x00000000ce800000, 0x00000000ce900000|  0%| F|  |TAMS 0x00000000ce800000, 0x00000000ce800000| Untracked 
| 233|0x00000000ce900000, 0x00000000ce900000, 0x00000000cea00000|  0%| F|  |TAMS 0x00000000ce900000, 0x00000000ce900000| Untracked 
| 234|0x00000000cea00000, 0x00000000cea00000, 0x00000000ceb00000|  0%| F|  |TAMS 0x00000000cea00000, 0x00000000cea00000| Untracked 
| 235|0x00000000ceb00000, 0x00000000ceb00000, 0x00000000cec00000|  0%| F|  |TAMS 0x00000000ceb00000, 0x00000000ceb00000| Untracked 
| 236|0x00000000cec00000, 0x00000000cec00000, 0x00000000ced00000|  0%| F|  |TAMS 0x00000000cec00000, 0x00000000cec00000| Untracked 
| 237|0x00000000ced00000, 0x00000000ced00000, 0x00000000cee00000|  0%| F|  |TAMS 0x00000000ced00000, 0x00000000ced00000| Untracked 
| 238|0x00000000cee00000, 0x00000000cee00000, 0x00000000cef00000|  0%| F|  |TAMS 0x00000000cee00000, 0x00000000cee00000| Untracked 
| 239|0x00000000cef00000, 0x00000000cef00000, 0x00000000cf000000|  0%| F|  |TAMS 0x00000000cef00000, 0x00000000cef00000| Untracked 
| 240|0x00000000cf000000, 0x00000000cf000000, 0x00000000cf100000|  0%| F|  |TAMS 0x00000000cf000000, 0x00000000cf000000| Untracked 
| 241|0x00000000cf100000, 0x00000000cf100000, 0x00000000cf200000|  0%| F|  |TAMS 0x00000000cf100000, 0x00000000cf100000| Untracked 
| 242|0x00000000cf200000, 0x00000000cf200000, 0x00000000cf300000|  0%| F|  |TAMS 0x00000000cf200000, 0x00000000cf200000| Untracked 
| 243|0x00000000cf300000, 0x00000000cf300000, 0x00000000cf400000|  0%| F|  |TAMS 0x00000000cf300000, 0x00000000cf300000| Untracked 
| 244|0x00000000cf400000, 0x00000000cf400000, 0x00000000cf500000|  0%| F|  |TAMS 0x00000000cf400000, 0x00000000cf400000| Untracked 
| 245|0x00000000cf500000, 0x00000000cf500000, 0x00000000cf600000|  0%| F|  |TAMS 0x00000000cf500000, 0x00000000cf500000| Untracked 
| 246|0x00000000cf600000, 0x00000000cf600000, 0x00000000cf700000|  0%| F|  |TAMS 0x00000000cf600000, 0x00000000cf600000| Untracked 
| 247|0x00000000cf700000, 0x00000000cf700000, 0x00000000cf800000|  0%| F|  |TAMS 0x00000000cf700000, 0x00000000cf700000| Untracked 
| 248|0x00000000cf800000, 0x00000000cf800000, 0x00000000cf900000|  0%| F|  |TAMS 0x00000000cf800000, 0x00000000cf800000| Untracked 
| 249|0x00000000cf900000, 0x00000000cf900000, 0x00000000cfa00000|  0%| F|  |TAMS 0x00000000cf900000, 0x00000000cf900000| Untracked 
| 250|0x00000000cfa00000, 0x00000000cfa00000, 0x00000000cfb00000|  0%| F|  |TAMS 0x00000000cfa00000, 0x00000000cfa00000| Untracked 
| 251|0x00000000cfb00000, 0x00000000cfb00000, 0x00000000cfc00000|  0%| F|  |TAMS 0x00000000cfb00000, 0x00000000cfb00000| Untracked 
| 252|0x00000000cfc00000, 0x00000000cfc00000, 0x00000000cfd00000|  0%| F|  |TAMS 0x00000000cfc00000, 0x00000000cfc00000| Untracked 
| 253|0x00000000cfd00000, 0x00000000cfd00000, 0x00000000cfe00000|  0%| F|  |TAMS 0x00000000cfd00000, 0x00000000cfd00000| Untracked 
| 254|0x00000000cfe00000, 0x00000000cfe00000, 0x00000000cff00000|  0%| F|  |TAMS 0x00000000cfe00000, 0x00000000cfe00000| Untracked 
| 255|0x00000000cff00000, 0x00000000cff00000, 0x00000000d0000000|  0%| F|  |TAMS 0x00000000cff00000, 0x00000000cff00000| Untracked 
| 256|0x00000000d0000000, 0x00000000d0000000, 0x00000000d0100000|  0%| F|  |TAMS 0x00000000d0000000, 0x00000000d0000000| Untracked 
| 257|0x00000000d0100000, 0x00000000d0100000, 0x00000000d0200000|  0%| F|  |TAMS 0x00000000d0100000, 0x00000000d0100000| Untracked 
| 258|0x00000000d0200000, 0x00000000d0200000, 0x00000000d0300000|  0%| F|  |TAMS 0x00000000d0200000, 0x00000000d0200000| Untracked 
| 259|0x00000000d0300000, 0x00000000d0300000, 0x00000000d0400000|  0%| F|  |TAMS 0x00000000d0300000, 0x00000000d0300000| Untracked 
| 260|0x00000000d0400000, 0x00000000d0400000, 0x00000000d0500000|  0%| F|  |TAMS 0x00000000d0400000, 0x00000000d0400000| Untracked 
| 261|0x00000000d0500000, 0x00000000d0500000, 0x00000000d0600000|  0%| F|  |TAMS 0x00000000d0500000, 0x00000000d0500000| Untracked 
| 262|0x00000000d0600000, 0x00000000d0600000, 0x00000000d0700000|  0%| F|  |TAMS 0x00000000d0600000, 0x00000000d0600000| Untracked 
| 263|0x00000000d0700000, 0x00000000d0700000, 0x00000000d0800000|  0%| F|  |TAMS 0x00000000d0700000, 0x00000000d0700000| Untracked 
| 264|0x00000000d0800000, 0x00000000d0800000, 0x00000000d0900000|  0%| F|  |TAMS 0x00000000d0800000, 0x00000000d0800000| Untracked 
| 265|0x00000000d0900000, 0x00000000d0900000, 0x00000000d0a00000|  0%| F|  |TAMS 0x00000000d0900000, 0x00000000d0900000| Untracked 
| 266|0x00000000d0a00000, 0x00000000d0a00000, 0x00000000d0b00000|  0%| F|  |TAMS 0x00000000d0a00000, 0x00000000d0a00000| Untracked 
| 267|0x00000000d0b00000, 0x00000000d0b00000, 0x00000000d0c00000|  0%| F|  |TAMS 0x00000000d0b00000, 0x00000000d0b00000| Untracked 
| 268|0x00000000d0c00000, 0x00000000d0c00000, 0x00000000d0d00000|  0%| F|  |TAMS 0x00000000d0c00000, 0x00000000d0c00000| Untracked 
| 269|0x00000000d0d00000, 0x00000000d0d00000, 0x00000000d0e00000|  0%| F|  |TAMS 0x00000000d0d00000, 0x00000000d0d00000| Untracked 
| 270|0x00000000d0e00000, 0x00000000d0e00000, 0x00000000d0f00000|  0%| F|  |TAMS 0x00000000d0e00000, 0x00000000d0e00000| Untracked 
| 271|0x00000000d0f00000, 0x00000000d0f00000, 0x00000000d1000000|  0%| F|  |TAMS 0x00000000d0f00000, 0x00000000d0f00000| Untracked 
| 272|0x00000000d1000000, 0x00000000d1000000, 0x00000000d1100000|  0%| F|  |TAMS 0x00000000d1000000, 0x00000000d1000000| Untracked 
| 273|0x00000000d1100000, 0x00000000d1100000, 0x00000000d1200000|  0%| F|  |TAMS 0x00000000d1100000, 0x00000000d1100000| Untracked 
| 274|0x00000000d1200000, 0x00000000d1200000, 0x00000000d1300000|  0%| F|  |TAMS 0x00000000d1200000, 0x00000000d1200000| Untracked 

Card table byte_map: [0x000001d166320000,0x000001d166520000] _byte_map_base: 0x000001d165d20000

Marking Bits (Prev, Next): (CMBitMap*) 0x000001d151c8fa60, (CMBitMap*) 0x000001d151c8fa20
 Prev Bits: [0x000001d167720000, 0x000001d168720000)
 Next Bits: [0x000001d166720000, 0x000001d167720000)

Polling page: 0x000001d14fb50000

Metaspace:

Usage:
  Non-class:     17.75 MB used.
      Class:      2.04 MB used.
       Both:     19.78 MB used.

Virtual space:
  Non-class space:       64.00 MB reserved,      18.12 MB ( 28%) committed,  1 nodes.
      Class space:        1.00 GB reserved,       2.38 MB ( <1%) committed,  1 nodes.
             Both:        1.06 GB reserved,      20.50 MB (  2%) committed. 

Chunk freelists:
   Non-Class:  1.63 MB
       Class:  1.70 MB
        Both:  3.33 MB

MaxMetaspaceSize: unlimited
CompressedClassSpaceSize: 1.00 GB
Initial GC threshold: 21.00 MB
Current GC threshold: 34.06 MB
CDS: on
MetaspaceReclaimPolicy: balanced
 - commit_granule_bytes: 65536.
 - commit_granule_words: 8192.
 - virtual_space_node_default_size: 8388608.
 - enlarge_chunks_in_place: 1.
 - new_chunks_are_fully_committed: 0.
 - uncommit_free_chunks: 1.
 - use_allocation_guard: 0.


Internal statistics:

num_allocs_failed_limit: 0.
num_arena_births: 324.
num_arena_deaths: 76.
num_vsnodes_births: 2.
num_vsnodes_deaths: 0.
num_space_committed: 328.
num_space_uncommitted: 0.
num_chunks_returned_to_freelist: 77.
num_chunks_taken_from_freelist: 1049.
num_chunk_merges: 16.
num_chunk_splits: 686.
num_chunks_enlarged: 469.
num_inconsistent_stats: 0.

CodeHeap 'non-profiled nmethods': size=120000Kb used=2792Kb max_used=2792Kb free=117207Kb
 bounds [0x000001d15ebf0000, 0x000001d15eeb0000, 0x000001d166120000]
CodeHeap 'profiled nmethods': size=120000Kb used=5917Kb max_used=7517Kb free=114082Kb
 bounds [0x000001d157120000, 0x000001d157880000, 0x000001d15e650000]
CodeHeap 'non-nmethods': size=5760Kb used=1315Kb max_used=1365Kb free=4444Kb
 bounds [0x000001d15e650000, 0x000001d15e8c0000, 0x000001d15ebf0000]
 total_blobs=3722 nmethods=3179 adapters=452
 compilation: enabled
              stopped_count=0, restarted_count=0
 full_count=0

Compilation events (20 events):
Event: 1784.953 Thread 0x000001d16aba28f0 3818       3       com.python.pydev.analysis.additionalinfo.TreeIO::dumpDictToBuffer (112 bytes)
Event: 1784.955 Thread 0x000001d16aba28f0 nmethod 3818 0x000001d1576e3110 code [0x000001d1576e33c0, 0x000001d1576e3fe8]
Event: 1785.246 Thread 0x000001d16aba28f0 3819       3       sun.nio.cs.UTF_8$Encoder::encodeArrayLoopSlow (377 bytes)
Event: 1785.257 Thread 0x000001d16aba28f0 nmethod 3819 0x000001d157153310 code [0x000001d1571537a0, 0x000001d157155f08]
Event: 1785.330 Thread 0x000001d16aba28f0 3820       3       java.lang.StringCoding::implEncodeAsciiArray (47 bytes)
Event: 1785.331 Thread 0x000001d16aba28f0 nmethod 3820 0x000001d15722fa10 code [0x000001d15722fbc0, 0x000001d15722fe18]
Event: 1785.336 Thread 0x000001d16ab9e140 3821       4       java.lang.StringCoding::implEncodeAsciiArray (47 bytes)
Event: 1785.349 Thread 0x000001d16ab9e140 nmethod 3821 0x000001d15eea7e90 code [0x000001d15eea8020, 0x000001d15eea8278]
Event: 1785.578 Thread 0x000001d16aba28f0 3822       3       java.io.File::<init> (111 bytes)
Event: 1785.585 Thread 0x000001d16aba28f0 nmethod 3822 0x000001d1573d1410 code [0x000001d1573d16e0, 0x000001d1573d2288]
Event: 1804.641 Thread 0x000001d16aba28f0 3823 % !   3       java.lang.ref.Reference::processPendingReferences @ 27 (118 bytes)
Event: 1804.677 Thread 0x000001d16aba28f0 nmethod 3823% 0x000001d1576ba590 code [0x000001d1576ba7e0, 0x000001d1576bb1b8]
Event: 1804.924 Thread 0x000001d16ab9e140 3824       4       java.lang.ref.ReferenceQueue::poll0 (65 bytes)
Event: 1804.961 Thread 0x000001d16ab9e140 nmethod 3824 0x000001d15eea8390 code [0x000001d15eea8520, 0x000001d15eea87f8]
Event: 1805.166 Thread 0x000001d16aba28f0 3825       3       java.util.WeakHashMap::get (75 bytes)
Event: 1805.197 Thread 0x000001d16aba28f0 nmethod 3825 0x000001d1571e6e10 code [0x000001d1571e7040, 0x000001d1571e7918]
Event: 1808.156 Thread 0x000001d16aba28f0 3826       3       java.lang.invoke.VarHandleGuards::guard_LLL_Z (86 bytes)
Event: 1808.173 Thread 0x000001d16aba28f0 nmethod 3826 0x000001d157676610 code [0x000001d157676940, 0x000001d157678318]
Event: 1808.771 Thread 0x000001d16ab9e140 3828       4       java.util.WeakHashMap::get (75 bytes)
Event: 1808.837 Thread 0x000001d16ab9e140 nmethod 3828 0x000001d15eea8b90 code [0x000001d15eea8dc0, 0x000001d15eea9a50]

GC Heap History (20 events):
Event: 1768.742 GC heap after
{Heap after GC invocations=102 (full 0):
 garbage-first heap   total 233472K, used 87046K [0x00000000c0000000, 0x0000000100000000)
  region size 1024K, 2 young (2048K), 2 survivors (2048K)
 Metaspace       used 20220K, committed 20928K, reserved 1114112K
  class space    used 2084K, committed 2432K, reserved 1048576K
}
Event: 1774.017 GC heap before
{Heap before GC invocations=102 (full 0):
 garbage-first heap   total 233472K, used 101382K [0x00000000c0000000, 0x0000000100000000)
  region size 1024K, 18 young (18432K), 2 survivors (2048K)
 Metaspace       used 20220K, committed 20928K, reserved 1114112K
  class space    used 2084K, committed 2432K, reserved 1048576K
}
Event: 1774.046 GC heap after
{Heap after GC invocations=103 (full 0):
 garbage-first heap   total 233472K, used 88187K [0x00000000c0000000, 0x0000000100000000)
  region size 1024K, 3 young (3072K), 3 survivors (3072K)
 Metaspace       used 20220K, committed 20928K, reserved 1114112K
  class space    used 2084K, committed 2432K, reserved 1048576K
}
Event: 1780.860 GC heap before
{Heap before GC invocations=104 (full 0):
 garbage-first heap   total 233472K, used 163963K [0x00000000c0000000, 0x0000000100000000)
  region size 1024K, 38 young (38912K), 3 survivors (3072K)
 Metaspace       used 20249K, committed 20992K, reserved 1114112K
  class space    used 2084K, committed 2432K, reserved 1048576K
}
Event: 1781.166 GC heap after
{Heap after GC invocations=105 (full 0):
 garbage-first heap   total 233472K, used 109884K [0x00000000c0000000, 0x0000000100000000)
  region size 1024K, 5 young (5120K), 5 survivors (5120K)
 Metaspace       used 20249K, committed 20992K, reserved 1114112K
  class space    used 2084K, committed 2432K, reserved 1048576K
}
Event: 1781.266 GC heap before
{Heap before GC invocations=105 (full 0):
 garbage-first heap   total 233472K, used 116028K [0x00000000c0000000, 0x0000000100000000)
  region size 1024K, 11 young (11264K), 5 survivors (5120K)
 Metaspace       used 20249K, committed 20992K, reserved 1114112K
  class space    used 2084K, committed 2432K, reserved 1048576K
}
Event: 1781.574 GC heap after
{Heap after GC invocations=106 (full 0):
 garbage-first heap   total 233472K, used 110910K [0x00000000c0000000, 0x0000000100000000)
  region size 1024K, 2 young (2048K), 2 survivors (2048K)
 Metaspace       used 20249K, committed 20992K, reserved 1114112K
  class space    used 2084K, committed 2432K, reserved 1048576K
}
Event: 1781.740 GC heap before
{Heap before GC invocations=106 (full 0):
 garbage-first heap   total 233472K, used 115006K [0x00000000c0000000, 0x0000000100000000)
  region size 1024K, 7 young (7168K), 2 survivors (2048K)
 Metaspace       used 20249K, committed 20992K, reserved 1114112K
  class space    used 2084K, committed 2432K, reserved 1048576K
}
Event: 1781.754 GC heap after
{Heap after GC invocations=107 (full 0):
 garbage-first heap   total 233472K, used 110589K [0x00000000c0000000, 0x0000000100000000)
  region size 1024K, 1 young (1024K), 1 survivors (1024K)
 Metaspace       used 20249K, committed 20992K, reserved 1114112K
  class space    used 2084K, committed 2432K, reserved 1048576K
}
Event: 1788.934 GC heap before
{Heap before GC invocations=108 (full 0):
 garbage-first heap   total 242688K, used 198653K [0x00000000c0000000, 0x0000000100000000)
  region size 1024K, 30 young (30720K), 1 survivors (1024K)
 Metaspace       used 20254K, committed 20992K, reserved 1114112K
  class space    used 2084K, committed 2432K, reserved 1048576K
}
Event: 1788.948 GC heap after
{Heap after GC invocations=109 (full 0):
 garbage-first heap   total 242688K, used 127828K [0x00000000c0000000, 0x0000000100000000)
  region size 1024K, 2 young (2048K), 2 survivors (2048K)
 Metaspace       used 20254K, committed 20992K, reserved 1114112K
  class space    used 2084K, committed 2432K, reserved 1048576K
}
Event: 1792.098 GC heap before
{Heap before GC invocations=109 (full 0):
 garbage-first heap   total 242688K, used 137044K [0x00000000c0000000, 0x0000000100000000)
  region size 1024K, 11 young (11264K), 2 survivors (2048K)
 Metaspace       used 20254K, committed 20992K, reserved 1114112K
  class space    used 2084K, committed 2432K, reserved 1048576K
}
Event: 1792.117 GC heap after
{Heap after GC invocations=110 (full 0):
 garbage-first heap   total 242688K, used 127960K [0x00000000c0000000, 0x0000000100000000)
  region size 1024K, 2 young (2048K), 2 survivors (2048K)
 Metaspace       used 20254K, committed 20992K, reserved 1114112K
  class space    used 2084K, committed 2432K, reserved 1048576K
}
Event: 1803.142 GC heap before
{Heap before GC invocations=110 (full 0):
 garbage-first heap   total 242688K, used 161752K [0x00000000c0000000, 0x0000000100000000)
  region size 1024K, 37 young (37888K), 2 survivors (2048K)
 Metaspace       used 20254K, committed 20992K, reserved 1114112K
  class space    used 2084K, committed 2432K, reserved 1048576K
}
Event: 1803.171 GC heap after
{Heap after GC invocations=111 (full 0):
 garbage-first heap   total 242688K, used 128870K [0x00000000c0000000, 0x0000000100000000)
  region size 1024K, 3 young (3072K), 3 survivors (3072K)
 Metaspace       used 20254K, committed 20992K, reserved 1114112K
  class space    used 2084K, committed 2432K, reserved 1048576K
}
Event: 1830.992 GC heap before
{Heap before GC invocations=112 (full 0):
 garbage-first heap   total 242688K, used 172902K [0x00000000c0000000, 0x0000000100000000)
  region size 1024K, 74 young (75776K), 3 survivors (3072K)
 Metaspace       used 20256K, committed 20992K, reserved 1114112K
  class space    used 2084K, committed 2432K, reserved 1048576K
}
Event: 1831.207 GC heap after
{Heap after GC invocations=113 (full 0):
 garbage-first heap   total 242688K, used 97473K [0x00000000c0000000, 0x0000000100000000)
  region size 1024K, 5 young (5120K), 5 survivors (5120K)
 Metaspace       used 20256K, committed 20992K, reserved 1114112K
  class space    used 2084K, committed 2432K, reserved 1048576K
}
Event: 1840.275 GC heap before
{Heap before GC invocations=113 (full 0):
 garbage-first heap   total 242688K, used 103617K [0x00000000c0000000, 0x0000000100000000)
  region size 1024K, 11 young (11264K), 5 survivors (5120K)
 Metaspace       used 20256K, committed 20992K, reserved 1114112K
  class space    used 2084K, committed 2432K, reserved 1048576K
}
Event: 1841.214 GC heap after
{Heap after GC invocations=114 (full 0):
 garbage-first heap   total 242688K, used 90987K [0x00000000c0000000, 0x0000000100000000)
  region size 1024K, 1 young (1024K), 1 survivors (1024K)
 Metaspace       used 20256K, committed 20992K, reserved 1114112K
  class space    used 2084K, committed 2432K, reserved 1048576K
}
Event: 1847.746 GC heap before
{Heap before GC invocations=114 (full 0):
 garbage-first heap   total 242688K, used 101227K [0x00000000c0000000, 0x0000000100000000)
  region size 1024K, 11 young (11264K), 1 survivors (1024K)
 Metaspace       used 20256K, committed 20992K, reserved 1114112K
  class space    used 2084K, committed 2432K, reserved 1048576K
}

Dll operation events (9 events):
Event: 0.113 Loaded shared library C:\Users\Arthur KAZA\.pydev_vscode\java19\jdk-19.0.2+7-jre\bin\java.dll
Event: 0.431 Loaded shared library C:\Users\Arthur KAZA\.pydev_vscode\java19\jdk-19.0.2+7-jre\bin\jsvml.dll
Event: 1.928 Loaded shared library C:\Users\Arthur KAZA\.pydev_vscode\java19\jdk-19.0.2+7-jre\bin\net.dll
Event: 2.050 Loaded shared library C:\Users\Arthur KAZA\.pydev_vscode\java19\jdk-19.0.2+7-jre\bin\nio.dll
Event: 2.081 Loaded shared library C:\Users\Arthur KAZA\.pydev_vscode\java19\jdk-19.0.2+7-jre\bin\zip.dll
Event: 3.399 Loaded shared library C:\Users\Arthur KAZA\.pydev_vscode\java19\jdk-19.0.2+7-jre\bin\jimage.dll
Event: 10.136 Loaded shared library C:\Users\Arthur KAZA\.vscode\extensions\fabioz.vscode-pydev-0.4.0\server\plugins\org.eclipse.equinox.launcher.win32.win32.x86_64_1.2.700.v20221108-1024\eclipse_11801.dll
Event: 18.265 Loaded shared library C:\Users\Arthur KAZA\.pydev_vscode\java19\jdk-19.0.2+7-jre\bin\management.dll
Event: 18.344 Loaded shared library C:\Users\Arthur KAZA\.pydev_vscode\java19\jdk-19.0.2+7-jre\bin\management_ext.dll

Deoptimization events (20 events):
Event: 1785.347 Thread 0x000001d16f63eb30 DEOPT PACKING pc=0x000001d15722fd83 sp=0x0000003c0f1fdb60
Event: 1785.347 Thread 0x000001d16f63eb30 DEOPT UNPACKING pc=0x000001d15e6b7543 sp=0x0000003c0f1fcfd0 mode 0
Event: 1785.348 Thread 0x000001d16f63eb30 DEOPT PACKING pc=0x000001d15722fd83 sp=0x0000003c0f1fdb60
Event: 1785.348 Thread 0x000001d16f63eb30 DEOPT UNPACKING pc=0x000001d15e6b7543 sp=0x0000003c0f1fcfd0 mode 0
Event: 1785.348 Thread 0x000001d16f63eb30 DEOPT PACKING pc=0x000001d15722fd83 sp=0x0000003c0f1fdb60
Event: 1785.348 Thread 0x000001d16f63eb30 DEOPT UNPACKING pc=0x000001d15e6b7543 sp=0x0000003c0f1fcfd0 mode 0
Event: 1785.348 Thread 0x000001d16f63eb30 DEOPT PACKING pc=0x000001d15722fd83 sp=0x0000003c0f1fdb60
Event: 1785.348 Thread 0x000001d16f63eb30 DEOPT UNPACKING pc=0x000001d15e6b7543 sp=0x0000003c0f1fcfd0 mode 0
Event: 1785.348 Thread 0x000001d16f63eb30 DEOPT PACKING pc=0x000001d15722fd83 sp=0x0000003c0f1fdb60
Event: 1785.348 Thread 0x000001d16f63eb30 DEOPT UNPACKING pc=0x000001d15e6b7543 sp=0x0000003c0f1fcfd0 mode 0
Event: 1785.348 Thread 0x000001d16f63eb30 DEOPT PACKING pc=0x000001d15722fd83 sp=0x0000003c0f1fdb60
Event: 1785.348 Thread 0x000001d16f63eb30 DEOPT UNPACKING pc=0x000001d15e6b7543 sp=0x0000003c0f1fcfd0 mode 0
Event: 1785.349 Thread 0x000001d16f63eb30 DEOPT PACKING pc=0x000001d15722fd83 sp=0x0000003c0f1fdb60
Event: 1785.349 Thread 0x000001d16f63eb30 DEOPT UNPACKING pc=0x000001d15e6b7543 sp=0x0000003c0f1fcfd0 mode 0
Event: 1785.349 Thread 0x000001d16f63eb30 DEOPT PACKING pc=0x000001d15722fd83 sp=0x0000003c0f1fdb60
Event: 1785.349 Thread 0x000001d16f63eb30 DEOPT UNPACKING pc=0x000001d15e6b7543 sp=0x0000003c0f1fcfd0 mode 0
Event: 1804.693 Thread 0x000001d16f63eb30 Uncommon trap: trap_request=0xffffff45 fr.pc=0x000001d15ee3dd00 relative=0x0000000000000ac0
Event: 1804.751 Thread 0x000001d16f63eb30 Uncommon trap: reason=unstable_if action=reinterpret pc=0x000001d15ee3dd00 method=java.util.WeakHashMap.matchesKey(Ljava/util/WeakHashMap$Entry;Ljava/lang/Object;)Z @ 16 c2
Event: 1804.770 Thread 0x000001d16f63eb30 DEOPT PACKING pc=0x000001d15ee3dd00 sp=0x0000003c0f1fe0f0
Event: 1804.772 Thread 0x000001d16f63eb30 DEOPT UNPACKING pc=0x000001d15e6b6da3 sp=0x0000003c0f1fe030 mode 2

Classes loaded (20 events):
Event: 232.689 Loading class sun/nio/cs/ISO_8859_1$Decoder
Event: 232.691 Loading class sun/nio/cs/ISO_8859_1$Decoder done
Event: 247.884 Loading class java/lang/foreign/MemorySegment
Event: 247.924 Loading class java/lang/foreign/Addressable
Event: 247.928 Loading class java/lang/foreign/Addressable done
Event: 247.930 Loading class java/lang/foreign/MemorySegment done
Event: 1677.417 Loading class java/nio/charset/Charset$ExtendedProviderHolder
Event: 1677.443 Loading class java/nio/charset/Charset$ExtendedProviderHolder done
Event: 1677.448 Loading class java/nio/charset/Charset$ExtendedProviderHolder$1
Event: 1677.461 Loading class java/nio/charset/Charset$ExtendedProviderHolder$1 done
Event: 1677.971 Loading class java/nio/charset/Charset$ThreadTrackHolder
Event: 1677.975 Loading class java/nio/charset/Charset$ThreadTrackHolder done
Event: 1677.982 Loading class java/nio/charset/Charset$2
Event: 1677.983 Loading class java/nio/charset/Charset$2 done
Event: 1677.984 Loading class java/nio/charset/Charset$1
Event: 1677.988 Loading class java/nio/charset/Charset$1 done
Event: 1709.169 Loading class sun/nio/cs/KOI8_R
Event: 1709.180 Loading class sun/nio/cs/KOI8_R done
Event: 1709.214 Loading class sun/nio/cs/KOI8_R$Holder
Event: 1709.219 Loading class sun/nio/cs/KOI8_R$Holder done

Classes unloaded (20 events):
Event: 1039.993 Thread 0x000001d151d0e660 Unloading class 0x0000000800c90000 'java/lang/invoke/LambdaForm$DMH+0x0000000800c90000'
Event: 1039.993 Thread 0x000001d151d0e660 Unloading class 0x0000000800c80800 'java/lang/invoke/LambdaForm$MH+0x0000000800c80800'
Event: 1039.994 Thread 0x000001d151d0e660 Unloading class 0x0000000800c80400 'java/lang/invoke/LambdaForm$MH+0x0000000800c80400'
Event: 1039.994 Thread 0x000001d151d0e660 Unloading class 0x0000000800c80000 'java/lang/invoke/LambdaForm$MH+0x0000000800c80000'
Event: 1039.994 Thread 0x000001d151d0e660 Unloading class 0x0000000800c1bc00 'java/lang/invoke/LambdaForm$MH+0x0000000800c1bc00'
Event: 1039.994 Thread 0x000001d151d0e660 Unloading class 0x0000000800c1a800 'java/lang/invoke/LambdaForm$MH+0x0000000800c1a800'
Event: 1039.994 Thread 0x000001d151d0e660 Unloading class 0x0000000800c1a400 'java/lang/invoke/LambdaForm$MH+0x0000000800c1a400'
Event: 1039.994 Thread 0x000001d151d0e660 Unloading class 0x0000000800c19000 'java/lang/invoke/LambdaForm$MH+0x0000000800c19000'
Event: 1039.994 Thread 0x000001d151d0e660 Unloading class 0x0000000800c18c00 'java/lang/invoke/LambdaForm$MH+0x0000000800c18c00'
Event: 1039.995 Thread 0x000001d151d0e660 Unloading class 0x0000000800c18800 'java/lang/invoke/LambdaForm$MH+0x0000000800c18800'
Event: 1039.996 Thread 0x000001d151d0e660 Unloading class 0x0000000800c09800 'java/lang/invoke/LambdaForm$MH+0x0000000800c09800'
Event: 1039.996 Thread 0x000001d151d0e660 Unloading class 0x0000000800c09400 'java/lang/invoke/LambdaForm$MH+0x0000000800c09400'
Event: 1039.996 Thread 0x000001d151d0e660 Unloading class 0x0000000800c06400 'java/lang/invoke/LambdaForm$MH+0x0000000800c06400'
Event: 1039.997 Thread 0x000001d151d0e660 Unloading class 0x0000000800c06000 'java/lang/invoke/LambdaForm$MH+0x0000000800c06000'
Event: 1039.997 Thread 0x000001d151d0e660 Unloading class 0x0000000800c01800 'java/lang/invoke/LambdaForm$MH+0x0000000800c01800'
Event: 1424.162 Thread 0x000001d151d0e660 Unloading class 0x0000000800df4800 'java/lang/invoke/LambdaForm$MH+0x0000000800df4800'
Event: 1424.166 Thread 0x000001d151d0e660 Unloading class 0x0000000800df4400 'java/lang/invoke/LambdaForm$BMH+0x0000000800df4400'
Event: 1424.166 Thread 0x000001d151d0e660 Unloading class 0x0000000800d96400 'java/lang/invoke/LambdaForm$MH+0x0000000800d96400'
Event: 1424.168 Thread 0x000001d151d0e660 Unloading class 0x0000000800c90400 'java/lang/invoke/LambdaForm$MH+0x0000000800c90400'
Event: 1424.169 Thread 0x000001d151d0e660 Unloading class 0x0000000800c00400 'java/lang/invoke/LambdaForm$MH+0x0000000800c00400'

Classes redefined (0 events):
No events

Internal exceptions (20 events):
Event: 20.907 Thread 0x000001d16f63eb30 Exception <a 'java/lang/NoSuchMethodError'{0x00000000c1efa098}: 'java.lang.Object java.lang.invoke.DirectMethodHandle$Holder.invokeInterface(java.lang.Object, java.lang.Object, java.lang.Object)'> (0x00000000c1efa098) 
thrown [s\src\hotspot\share\interpreter\linkResolver.cpp, line 774]
Event: 25.159 Thread 0x000001d16f63eb30 Exception <a 'java/lang/IncompatibleClassChangeError'{0x00000000c1c0ceb8}: Found class java.lang.Object, but interface was expected> (0x00000000c1c0ceb8) 
thrown [s\src\hotspot\share\interpreter\linkResolver.cpp, line 841]
Event: 27.065 Thread 0x000001d16f63eb30 Exception <a 'java/lang/NoSuchMethodError'{0x00000000c1bce1b8}: 'void java.lang.invoke.DirectMethodHandle$Holder.invokeStatic(java.lang.Object, long)'> (0x00000000c1bce1b8) 
thrown [s\src\hotspot\share\interpreter\linkResolver.cpp, line 774]
Event: 27.066 Thread 0x000001d16f63eb30 Exception <a 'java/lang/NoSuchMethodError'{0x00000000c1bd3720}: 'java.lang.Object java.lang.invoke.DirectMethodHandle$Holder.newInvokeSpecial(java.lang.Object, long)'> (0x00000000c1bd3720) 
thrown [s\src\hotspot\share\interpreter\linkResolver.cpp, line 774]
Event: 27.070 Thread 0x000001d16f63eb30 Exception <a 'java/lang/NoSuchMethodError'{0x00000000c1bda480}: 'java.lang.Object java.lang.invoke.DirectMethodHandle$Holder.invokeStatic(java.lang.Object, long, java.lang.Object)'> (0x00000000c1bda480) 
thrown [s\src\hotspot\share\interpreter\linkResolver.cpp, line 774]
Event: 27.071 Thread 0x000001d16f63eb30 Exception <a 'java/lang/NoSuchMethodError'{0x00000000c1bddeb0}: 'java.lang.Object java.lang.invoke.DirectMethodHandle$Holder.invokeStaticInit(java.lang.Object, long, java.lang.Object)'> (0x00000000c1bddeb0) 
thrown [s\src\hotspot\share\interpreter\linkResolver.cpp, line 774]
Event: 35.371 Thread 0x000001d16f63eb30 Exception <a 'sun/nio/fs/WindowsException'{0x00000000c1a08de8}> (0x00000000c1a08de8) 
thrown [s\src\hotspot\share\prims\jni.cpp, line 517]
Event: 36.818 Thread 0x000001d16f63eb30 Exception <a 'sun/nio/fs/WindowsException'{0x00000000c3779bb0}> (0x00000000c3779bb0) 
thrown [s\src\hotspot\share\prims\jni.cpp, line 517]
Event: 36.869 Thread 0x000001d16f63eb30 Exception <a 'sun/nio/fs/WindowsException'{0x00000000c37c1058}> (0x00000000c37c1058) 
thrown [s\src\hotspot\share\prims\jni.cpp, line 517]
Event: 36.870 Thread 0x000001d16f63eb30 Exception <a 'sun/nio/fs/WindowsException'{0x00000000c37c1688}> (0x00000000c37c1688) 
thrown [s\src\hotspot\share\prims\jni.cpp, line 517]
Event: 36.871 Thread 0x000001d16f63eb30 Exception <a 'sun/nio/fs/WindowsException'{0x00000000c37c1db8}> (0x00000000c37c1db8) 
thrown [s\src\hotspot\share\prims\jni.cpp, line 517]
Event: 36.872 Thread 0x000001d16f63eb30 Exception <a 'sun/nio/fs/WindowsException'{0x00000000c37c25e8}> (0x00000000c37c25e8) 
thrown [s\src\hotspot\share\prims\jni.cpp, line 517]
Event: 36.957 Thread 0x000001d16f63eb30 Exception <a 'sun/nio/fs/WindowsException'{0x00000000c3697908}> (0x00000000c3697908) 
thrown [s\src\hotspot\share\prims\jni.cpp, line 517]
Event: 36.957 Thread 0x000001d16f63eb30 Exception <a 'sun/nio/fs/WindowsException'{0x00000000c3697ef8}> (0x00000000c3697ef8) 
thrown [s\src\hotspot\share\prims\jni.cpp, line 517]
Event: 195.390 Thread 0x000001d16f63eb30 Implicit null exception at 0x000001d15ed28ea7 to 0x000001d15ed293b4
Event: 198.778 Thread 0x000001d16f63eb30 Exception <a 'java/io/FileNotFoundException'{0x00000000c4893ab8}> (0x00000000c4893ab8) 
thrown [s\src\hotspot\share\prims\jni.cpp, line 517]
Event: 198.782 Thread 0x000001d16f63eb30 Exception <a 'java/io/FileNotFoundException'{0x00000000c4895410}> (0x00000000c4895410) 
thrown [s\src\hotspot\share\prims\jni.cpp, line 517]
Event: 198.792 Thread 0x000001d16f63eb30 Exception <a 'java/lang/NoSuchMethodError'{0x00000000c489ca28}: 'void java.lang.invoke.DirectMethodHandle$Holder.invokeStaticInit(java.lang.Object, java.lang.Object, java.lang.Object)'> (0x00000000c489ca28) 
thrown [s\src\hotspot\share\interpreter\linkResolver.cpp, line 774]
Event: 199.795 Thread 0x000001d16f63eb30 Implicit null exception at 0x000001d15ed285a7 to 0x000001d15ed28ab4
Event: 1804.687 Thread 0x000001d16f63eb30 Implicit null exception at 0x000001d15ee3d39a to 0x000001d15ee3dce0

VM Operations (20 events):
Event: 1783.939 Executing VM operation: G1PauseRemark done
Event: 1784.150 Executing VM operation: G1PauseCleanup
Event: 1784.195 Executing VM operation: G1PauseCleanup done
Event: 1786.210 Executing VM operation: Cleanup
Event: 1786.210 Executing VM operation: Cleanup done
Event: 1788.934 Executing VM operation: G1CollectForAllocation
Event: 1788.948 Executing VM operation: G1CollectForAllocation done
Event: 1792.096 Executing VM operation: G1CollectForAllocation
Event: 1792.117 Executing VM operation: G1CollectForAllocation done
Event: 1803.141 Executing VM operation: G1TryInitiateConcMark
Event: 1803.176 Executing VM operation: G1TryInitiateConcMark done
Event: 1804.449 Executing VM operation: G1PauseRemark
Event: 1804.625 Executing VM operation: G1PauseRemark done
Event: 1805.031 Executing VM operation: G1PauseCleanup
Event: 1805.033 Executing VM operation: G1PauseCleanup done
Event: 1830.989 Executing VM operation: G1CollectForAllocation
Event: 1831.208 Executing VM operation: G1CollectForAllocation done
Event: 1840.261 Executing VM operation: G1CollectForAllocation
Event: 1841.214 Executing VM operation: G1CollectForAllocation done
Event: 1847.746 Executing VM operation: G1CollectForAllocation

Events (20 events):
Event: 287.136 Thread 0x000001d16aba3ae0 flushing nmethod 0x000001d1577d4010
Event: 287.136 Thread 0x000001d16aba3ae0 flushing nmethod 0x000001d1577de990
Event: 287.136 Thread 0x000001d16aba3ae0 flushing nmethod 0x000001d1577e1690
Event: 287.136 Thread 0x000001d16aba3ae0 flushing nmethod 0x000001d1577e3b10
Event: 287.136 Thread 0x000001d16aba3ae0 flushing nmethod 0x000001d1577e6f10
Event: 287.136 Thread 0x000001d16aba3ae0 flushing nmethod 0x000001d1577ec910
Event: 287.137 Thread 0x000001d16aba3ae0 flushing nmethod 0x000001d15780aa90
Event: 287.137 Thread 0x000001d16aba3ae0 flushing nmethod 0x000001d157815590
Event: 287.137 Thread 0x000001d16aba3ae0 flushing nmethod 0x000001d157816d90
Event: 287.137 Thread 0x000001d16aba3ae0 flushing nmethod 0x000001d15781da90
Event: 287.137 Thread 0x000001d16aba3ae0 flushing nmethod 0x000001d157820790
Event: 287.137 Thread 0x000001d16aba3ae0 flushing nmethod 0x000001d15782a990
Event: 287.137 Thread 0x000001d16aba3ae0 flushing nmethod 0x000001d15782cc10
Event: 287.137 Thread 0x000001d16aba3ae0 flushing nmethod 0x000001d157833910
Event: 287.137 Thread 0x000001d16aba3ae0 flushing nmethod 0x000001d157837290
Event: 287.137 Thread 0x000001d16aba3ae0 flushing nmethod 0x000001d15785c510
Event: 287.137 Thread 0x000001d16aba3ae0 flushing nmethod 0x000001d15785dd10
Event: 287.137 Thread 0x000001d16aba3ae0 flushing nmethod 0x000001d157865790
Event: 287.137 Thread 0x000001d16aba3ae0 flushing nmethod 0x000001d15786d990
Event: 287.137 Thread 0x000001d16aba3ae0 flushing nmethod 0x000001d157873c10


Dynamic libraries:
0x00007ff6674d0000 - 0x00007ff6674de000 	C:\Users\Arthur KAZA\.pydev_vscode\java19\jdk-19.0.2+7-jre\bin\java.exe
0x00007ffa1a750000 - 0x00007ffa1a964000 	C:\WINDOWS\SYSTEM32\ntdll.dll
0x00007ffa196c0000 - 0x00007ffa19782000 	C:\WINDOWS\System32\KERNEL32.DLL
0x00007ffa17ff0000 - 0x00007ffa18393000 	C:\WINDOWS\System32\KERNELBASE.dll
0x00007ffa17ed0000 - 0x00007ffa17fe1000 	C:\WINDOWS\System32\ucrtbase.dll
0x00007ff9f7cf0000 - 0x00007ff9f7d07000 	C:\Users\Arthur KAZA\.pydev_vscode\java19\jdk-19.0.2+7-jre\bin\jli.dll
0x00007ffa19860000 - 0x00007ffa19a0b000 	C:\WINDOWS\System32\USER32.dll
0x00007ffa17ea0000 - 0x00007ffa17ec6000 	C:\WINDOWS\System32\win32u.dll
0x00007ffa19ac0000 - 0x00007ffa19ae9000 	C:\WINDOWS\System32\GDI32.dll
0x00007ffa17b50000 - 0x00007ffa17c69000 	C:\WINDOWS\System32\gdi32full.dll
0x00007ffa18490000 - 0x00007ffa1852a000 	C:\WINDOWS\System32\msvcp_win.dll
0x00007ff9eeec0000 - 0x00007ff9eeed9000 	C:\Users\Arthur KAZA\.pydev_vscode\java19\jdk-19.0.2+7-jre\bin\VCRUNTIME140.dll
0x00007ffa04a40000 - 0x00007ffa04cce000 	C:\WINDOWS\WinSxS\amd64_microsoft.windows.common-controls_6595b64144ccf1df_6.0.22621.1635_none_270f70857386168e\COMCTL32.dll
0x00007ffa19fb0000 - 0x00007ffa1a057000 	C:\WINDOWS\System32\msvcrt.dll
0x00007ffa1a240000 - 0x00007ffa1a271000 	C:\WINDOWS\System32\IMM32.DLL
0x00007ffa05030000 - 0x00007ffa0503c000 	C:\Users\Arthur KAZA\.pydev_vscode\java19\jdk-19.0.2+7-jre\bin\vcruntime140_1.dll
0x00007ff9e3cd0000 - 0x00007ff9e3d61000 	C:\Users\Arthur KAZA\.pydev_vscode\java19\jdk-19.0.2+7-jre\bin\msvcp140.dll
0x00007ff993b30000 - 0x00007ff994821000 	C:\Users\Arthur KAZA\.pydev_vscode\java19\jdk-19.0.2+7-jre\bin\server\jvm.dll
0x00007ffa19a10000 - 0x00007ffa19abe000 	C:\WINDOWS\System32\ADVAPI32.dll
0x00007ffa1a110000 - 0x00007ffa1a1b4000 	C:\WINDOWS\System32\sechost.dll
0x00007ffa19e60000 - 0x00007ffa19f77000 	C:\WINDOWS\System32\RPCRT4.dll
0x00007ffa032c0000 - 0x00007ffa032c9000 	C:\WINDOWS\SYSTEM32\WSOCK32.dll
0x00007ffa1a1c0000 - 0x00007ffa1a231000 	C:\WINDOWS\System32\WS2_32.dll
0x00007ffa106c0000 - 0x00007ffa106f4000 	C:\WINDOWS\SYSTEM32\WINMM.dll
0x00007ffa0ff30000 - 0x00007ffa0ff3a000 	C:\WINDOWS\SYSTEM32\VERSION.dll
0x00007ffa16b70000 - 0x00007ffa16b88000 	C:\WINDOWS\SYSTEM32\kernel.appcore.dll
0x00007ffa02f20000 - 0x00007ffa02f2a000 	C:\Users\Arthur KAZA\.pydev_vscode\java19\jdk-19.0.2+7-jre\bin\jimage.dll
0x00007ffa15560000 - 0x00007ffa1578e000 	C:\WINDOWS\SYSTEM32\DBGHELP.DLL
0x00007ffa1a280000 - 0x00007ffa1a609000 	C:\WINDOWS\System32\combase.dll
0x00007ffa18ad0000 - 0x00007ffa18ba7000 	C:\WINDOWS\System32\OLEAUT32.dll
0x00007ffa04e50000 - 0x00007ffa04e82000 	C:\WINDOWS\SYSTEM32\dbgcore.DLL
0x00007ffa18410000 - 0x00007ffa1848b000 	C:\WINDOWS\System32\bcryptPrimitives.dll
0x00007ff9eed10000 - 0x00007ff9eed36000 	C:\Users\Arthur KAZA\.pydev_vscode\java19\jdk-19.0.2+7-jre\bin\java.dll
0x00007ff9e34e0000 - 0x00007ff9e35b6000 	C:\Users\Arthur KAZA\.pydev_vscode\java19\jdk-19.0.2+7-jre\bin\jsvml.dll
0x00007ffa18dc0000 - 0x00007ffa195ba000 	C:\WINDOWS\System32\SHELL32.dll
0x00007ffa15b00000 - 0x00007ffa163ce000 	C:\WINDOWS\SYSTEM32\windows.storage.dll
0x00007ffa159c0000 - 0x00007ffa15afe000 	C:\WINDOWS\SYSTEM32\wintypes.dll
0x00007ffa195c0000 - 0x00007ffa196b1000 	C:\WINDOWS\System32\SHCORE.dll
0x00007ffa19790000 - 0x00007ffa197ee000 	C:\WINDOWS\System32\shlwapi.dll
0x00007ffa17a80000 - 0x00007ffa17aa1000 	C:\WINDOWS\SYSTEM32\profapi.dll
0x00007ff9ee700000 - 0x00007ff9ee713000 	C:\Users\Arthur KAZA\.pydev_vscode\java19\jdk-19.0.2+7-jre\bin\net.dll
0x00007ffa0f560000 - 0x00007ffa0f697000 	C:\WINDOWS\SYSTEM32\WINHTTP.dll
0x00007ffa16ff0000 - 0x00007ffa17059000 	C:\WINDOWS\system32\mswsock.dll
0x00007ff9ee050000 - 0x00007ff9ee066000 	C:\Users\Arthur KAZA\.pydev_vscode\java19\jdk-19.0.2+7-jre\bin\nio.dll
0x00007ff9edd50000 - 0x00007ff9edd68000 	C:\Users\Arthur KAZA\.pydev_vscode\java19\jdk-19.0.2+7-jre\bin\zip.dll
0x00007ff9ee760000 - 0x00007ff9ee79e000 	C:\Users\Arthur KAZA\.vscode\extensions\fabioz.vscode-pydev-0.4.0\server\plugins\org.eclipse.equinox.launcher.win32.win32.x86_64_1.2.700.v20221108-1024\eclipse_11801.dll
0x00007ffa18c20000 - 0x00007ffa18dbc000 	C:\WINDOWS\System32\ole32.dll
0x00007ffa077e0000 - 0x00007ffa077e9000 	C:\Users\Arthur KAZA\.pydev_vscode\java19\jdk-19.0.2+7-jre\bin\management.dll
0x00007ffa02ee0000 - 0x00007ffa02eeb000 	C:\Users\Arthur KAZA\.pydev_vscode\java19\jdk-19.0.2+7-jre\bin\management_ext.dll
0x00007ffa18640000 - 0x00007ffa18648000 	C:\WINDOWS\System32\PSAPI.DLL

dbghelp: loaded successfully - version: 4.0.5 - missing functions: none
symbol engine: initialized successfully - sym options: 0x614 - pdb path: .;C:\Users\Arthur KAZA\.pydev_vscode\java19\jdk-19.0.2+7-jre\bin;C:\WINDOWS\SYSTEM32;C:\WINDOWS\WinSxS\amd64_microsoft.windows.common-controls_6595b64144ccf1df_6.0.22621.1635_none_270f70857386168e;C:\Users\Arthur KAZA\.pydev_vscode\java19\jdk-19.0.2+7-jre\bin\server;C:\Users\Arthur KAZA\.vscode\extensions\fabioz.vscode-pydev-0.4.0\server\plugins\org.eclipse.equinox.launcher.win32.win32.x86_64_1.2.700.v20221108-1024

VM Arguments:
jvm_args: --add-modules=ALL-SYSTEM --add-opens=java.base/java.util=ALL-UNNAMED --add-opens=java.base/java.lang=ALL-UNNAMED -Declipse.application=org.python.pydev.pydev_lsp.application -Dosgi.bundles.defaultStartLevel=4 -Declipse.product=org.python.pydev.pydev_lsp.product -Xmx1G -XX:+UseG1GC -XX:+UseStringDeduplication 
java_command: c:\Users\Arthur KAZA\.vscode\extensions\fabioz.vscode-pydev-0.4.0\server\plugins\org.eclipse.equinox.launcher_1.6.400.v20210924-0641.jar -configuration c:\Users\Arthur KAZA\.vscode\extensions\fabioz.vscode-pydev-0.4.0\server\config_win -data c:\Users\Arthur KAZA\AppData\Roaming\Code\User\workspaceStorage\6fa04f6c8c4fb4ac073fa3a7acd171ea\fabioz.vscode-pydev\pydev_ws
java_class_path (initial): c:\Users\Arthur KAZA\.vscode\extensions\fabioz.vscode-pydev-0.4.0\server\plugins\org.eclipse.equinox.launcher_1.6.400.v20210924-0641.jar
Launcher Type: SUN_STANDARD

[Global flags]
     intx CICompilerCount                          = 3                                         {product} {ergonomic}
     uint ConcGCThreads                            = 1                                         {product} {ergonomic}
     uint G1ConcRefinementThreads                  = 4                                         {product} {ergonomic}
   size_t G1HeapRegionSize                         = 1048576                                   {product} {ergonomic}
    uintx GCDrainStackTargetSize                   = 64                                        {product} {ergonomic}
   size_t InitialHeapSize                          = 58720256                                  {product} {ergonomic}
   size_t MarkStackSize                            = 4194304                                   {product} {ergonomic}
   size_t MaxHeapSize                              = 1073741824                                {product} {command line}
   size_t MaxNewSize                               = 643825664                                 {product} {ergonomic}
   size_t MinHeapDeltaBytes                        = 1048576                                   {product} {ergonomic}
   size_t MinHeapSize                              = 8388608                                   {product} {ergonomic}
    uintx NonNMethodCodeHeapSize                   = 5832780                                {pd product} {ergonomic}
    uintx NonProfiledCodeHeapSize                  = 122912730                              {pd product} {ergonomic}
    uintx ProfiledCodeHeapSize                     = 122912730                              {pd product} {ergonomic}
    uintx ReservedCodeCacheSize                    = 251658240                              {pd product} {ergonomic}
     bool SegmentedCodeCache                       = true                                      {product} {ergonomic}
   size_t SoftMaxHeapSize                          = 1073741824                             {manageable} {ergonomic}
     bool UseCompressedClassPointers               = true                           {product lp64_product} {ergonomic}
     bool UseCompressedOops                        = true                           {product lp64_product} {ergonomic}
     bool UseG1GC                                  = true                                      {product} {command line}
     bool UseLargePagesIndividualAllocation        = false                                  {pd product} {ergonomic}
     bool UseStringDeduplication                   = true                                      {product} {command line}

Logging:
Log output configuration:
 #0: stdout all=warning uptime,level,tags foldmultilines=false
 #1: stderr all=off uptime,level,tags foldmultilines=false

Environment Variables:
PATH=C:\Program Files (x86)\Common Files\Oracle\Java\javapath;C:\WINDOWS\system32;C:\WINDOWS;C:\WINDOWS\System32\Wbem;C:\WINDOWS\System32\WindowsPowerShell\v1.0\;C:\WINDOWS\System32\OpenSSH\;C:\Program Files\Git\cmd;C:\Users\Arthur KAZA\AppData\Local\Programs\Python\Python311\Scripts\;C:\Users\Arthur KAZA\AppData\Local\Programs\Python\Python311\;C:\Users\Arthur KAZA\AppData\Local\Microsoft\WindowsApps;C:\Users\Arthur KAZA\AppData\Local\Programs\Microsoft VS Code\bin;C:\Program Files\JetBrains\PyCharm Community Edition 2022.3.2\bin
USERNAME=Arthur KAZA
OS=Windows_NT
PROCESSOR_IDENTIFIER=AMD64 Family 23 Model 24 Stepping 1, AuthenticAMD
TMP=C:\Users\ARTHUR~1\AppData\Local\Temp
TEMP=C:\Users\ARTHUR~1\AppData\Local\Temp



---------------  S Y S T E M  ---------------

OS:
 Windows 11 , 64 bit Build 22621 (10.0.22621.1778)
OS uptime: 1 days 9:53 hours
Hyper-V role detected

CPU: total 4 (initial active 4) (4 cores per cpu, 1 threads per core) family 23 model 24 stepping 1 microcode 0x0, cx8, cmov, fxsr, mmx, 3dnowpref, sse, sse2, sse3, ssse3, sse4a, sse4.1, sse4.2, popcnt, lzcnt, tsc, tscinvbit, avx, avx2, aes, clmul, bmi1, bmi2, adx, sha, fma, vzeroupper, clflush, clflushopt, hv, rdtscp

Memory: 4k page, system-wide physical 3521M (284M free)
TotalPageFile size 14273M (AvailPageFile size 131M)
current process WorkingSet (physical memory assigned to process): 105M, peak: 278M
current process commit charge ("private bytes"): 415M, peak: 692M

vm_info: OpenJDK 64-Bit Server VM (19.0.2+7) for windows-amd64 JRE (19.0.2+7), built on 2023-01-17T00:00:00Z by "temurin" with MS VC++ 16.7 (VS2019)

END.
